This is XeTeX, Version 3.141592653-2.6-0.999994 (TeX Live 2022) (preloaded format=xelatex 2022.11.27)  16 AUG 2025 13:01
entering extended mode
 restricted \write18 enabled.
 %&-line parsing enabled.
**template.tex
(./template.tex
LaTeX2e <2021-11-15> patch level 1
L3 programming layer <2022-02-24> (./agujournal2019.cls
Document Class: agujournal2019 01/14/2019
(/usr/local/texlive/2022/texmf-dist/tex/latex/graphics/graphicx.sty
Package: graphicx 2021/09/16 v1.2d Enhanced LaTeX Graphics (DPC,SPQR)
(/usr/local/texlive/2022/texmf-dist/tex/latex/graphics/keyval.sty
Package: keyval 2014/10/28 v1.15 key=value parser (DPC)
\KV@toks@=\toks16
) (/usr/local/texlive/2022/texmf-dist/tex/latex/graphics/graphics.sty
Package: graphics 2021/03/04 v1.4d Standard LaTeX Graphics (DPC,SPQR)
(/usr/local/texlive/2022/texmf-dist/tex/latex/graphics/trig.sty
Package: trig 2021/08/11 v1.11 sin cos tan (DPC)
) (/usr/local/texlive/2022/texmf-dist/tex/latex/graphics-cfg/graphics.cfg
File: graphics.cfg 2016/06/04 v1.11 sample graphics configuration
)
Package graphics Info: Driver file: xetex.def on input line 107.
(/usr/local/texlive/2022/texmf-dist/tex/latex/graphics-def/xetex.def
File: xetex.def 2021/03/18 v5.0k Graphics/color driver for xetex
))
\Gin@req@height=\dimen138
\Gin@req@width=\dimen139
) (/usr/local/texlive/2022/texmf-dist/tex/latex/xcolor/xcolor.sty
Package: xcolor 2021/10/31 v2.13 LaTeX color extensions (UK)
(/usr/local/texlive/2022/texmf-dist/tex/latex/graphics-cfg/color.cfg
File: color.cfg 2016/01/02 v1.6 sample color configuration
)
Package xcolor Info: Driver file: xetex.def on input line 227.
Package xcolor Info: Model `cmy' substituted by `cmy0' on input line 1352.
Package xcolor Info: Model `RGB' extended on input line 1368.
Package xcolor Info: Model `HTML' substituted by `rgb' on input line 1370.
Package xcolor Info: Model `Hsb' substituted by `hsb' on input line 1371.
Package xcolor Info: Model `tHsb' substituted by `hsb' on input line 1372.
Package xcolor Info: Model `HSB' substituted by `hsb' on input line 1373.
Package xcolor Info: Model `Gray' substituted by `gray' on input line 1374.
Package xcolor Info: Model `wave' substituted by `hsb' on input line 1375.
(/usr/local/texlive/2022/texmf-dist/tex/latex/graphics/dvipsnam.def
File: dvipsnam.def 2016/06/17 v3.0m Driver-dependent file (DPC,SPQR)
) (/usr/local/texlive/2022/texmf-dist/tex/latex/xcolor/svgnam.def
File: svgnam.def 2021/10/31 v2.13 Predefined colors according to SVG 1.1 (UK)
) (/usr/local/texlive/2022/texmf-dist/tex/latex/xcolor/x11nam.def
File: x11nam.def 2021/10/31 v2.13 Predefined colors according to Unix/X11 (UK)
)) (/usr/local/texlive/2022/texmf-dist/tex/latex/url/url.sty
\Urlmuskip=\muskip16
Package: url 2013/09/16  ver 3.4  Verb mode for urls, etc.
) (/usr/local/texlive/2022/texmf-dist/tex/latex/lineno/lineno.sty
Package: lineno 2005/11/02 line numbers on paragraphs v4.41
Invalid UTF-8 byte or sequence at line 296 replaced by U+FFFD.
\linenopenalty=\count181
\output=\toks17
\linenoprevgraf=\count182
\linenumbersep=\dimen140
\linenumberwidth=\dimen141
\c@linenumber=\count183
\c@pagewiselinenumber=\count184
\c@LN@truepage=\count185
\c@internallinenumber=\count186
\c@internallinenumbers=\count187
\quotelinenumbersep=\dimen142
\bframerule=\dimen143
\bframesep=\dimen144
\bframebox=\box50
LaTeX Info: Redefining \\ on input line 3056.
) (/usr/local/texlive/2022/texmf-dist/tex/latex/tools/indentfirst.sty
Package: indentfirst 1995/11/23 v1.03 Indent first paragraph (DPC)
) (/usr/local/texlive/2022/texmf-dist/tex/latex/ragged2e/ragged2e.sty
Package: ragged2e 2021/12/15 v3.1 ragged2e Package
\CenteringLeftskip=\skip47
\RaggedLeftLeftskip=\skip48
\RaggedRightLeftskip=\skip49
\CenteringRightskip=\skip50
\RaggedLeftRightskip=\skip51
\RaggedRightRightskip=\skip52
\CenteringParfillskip=\skip53
\RaggedLeftParfillskip=\skip54
\RaggedRightParfillskip=\skip55
\JustifyingParfillskip=\skip56
\CenteringParindent=\skip57
\RaggedLeftParindent=\skip58
\RaggedRightParindent=\skip59
\JustifyingParindent=\skip60
) (/usr/local/texlive/2022/texmf-dist/tex/latex/graphics/rotating.sty
Package: rotating 2016/08/11 v2.16d rotated objects in LaTeX
(/usr/local/texlive/2022/texmf-dist/tex/latex/base/ifthen.sty
Package: ifthen 2020/11/24 v1.1c Standard LaTeX ifthen package (DPC)
)
\c@r@tfl@t=\count188
\rotFPtop=\skip61
\rotFPbot=\skip62
\rot@float@box=\box51
\rot@mess@toks=\toks18
)
\draftskip=\count189
\c@section=\count190
\c@subsection=\count191
\c@subsubsection=\count192
\c@paragraph=\count193
\c@subparagraph=\count194
\c@figure=\count195
\c@table=\count196
\abovecaptionskip=\skip63
\belowcaptionskip=\skip64
\c@appendnum=\count197
\bibindent=\dimen145
(/usr/local/texlive/2022/texmf-dist/tex/latex/apacite/apacite.sty
Package: apacite 2013/07/21 v6.03 APA citation
\c@BibCnt=\count198
\bibleftmargin=\skip65
\bibindent=\skip66
\bibparsep=\skip67
\bibitemsep=\skip68
\biblabelsep=\skip69
)) (/usr/local/texlive/2022/texmf-dist/tex/latex/amsmath/amsmath.sty
Package: amsmath 2021/10/15 v2.17l AMS math features
\@mathmargin=\skip70
For additional information on amsmath, use the `?' option.
(/usr/local/texlive/2022/texmf-dist/tex/latex/amsmath/amstext.sty
Package: amstext 2021/08/26 v2.01 AMS text
(/usr/local/texlive/2022/texmf-dist/tex/latex/amsmath/amsgen.sty
File: amsgen.sty 1999/11/30 v2.0 generic functions
\@emptytoks=\toks19
\ex@=\dimen146
)) (/usr/local/texlive/2022/texmf-dist/tex/latex/amsmath/amsbsy.sty
Package: amsbsy 1999/11/29 v1.2d Bold Symbols
\pmbraise@=\dimen147
) (/usr/local/texlive/2022/texmf-dist/tex/latex/amsmath/amsopn.sty
Package: amsopn 2021/08/26 v2.02 operator names
)
\inf@bad=\count199
LaTeX Info: Redefining \frac on input line 234.
\uproot@=\count266
\leftroot@=\count267
LaTeX Info: Redefining \overline on input line 399.
\classnum@=\count268
\DOTSCASE@=\count269
LaTeX Info: Redefining \ldots on input line 496.
LaTeX Info: Redefining \dots on input line 499.
LaTeX Info: Redefining \cdots on input line 620.
\Mathstrutbox@=\box52
\strutbox@=\box53
\big@size=\dimen148
LaTeX Font Info:    Redeclaring font encoding OML on input line 743.
LaTeX Font Info:    Redeclaring font encoding OMS on input line 744.
\macc@depth=\count270
\c@MaxMatrixCols=\count271
\dotsspace@=\muskip17
\c@parentequation=\count272
\dspbrk@lvl=\count273
\tag@help=\toks20
\row@=\count274
\column@=\count275
\maxfields@=\count276
\andhelp@=\toks21
\eqnshift@=\dimen149
\alignsep@=\dimen150
\tagshift@=\dimen151
\tagwidth@=\dimen152
\totwidth@=\dimen153
\lineht@=\dimen154
\@envbody=\toks22
\multlinegap=\skip71
\multlinetaggap=\skip72
\mathdisplay@stack=\toks23
LaTeX Info: Redefining \[ on input line 2938.
LaTeX Info: Redefining \] on input line 2939.
) (/usr/local/texlive/2022/texmf-dist/tex/latex/amsfonts/amssymb.sty
Package: amssymb 2013/01/14 v3.01 AMS font symbols
(/usr/local/texlive/2022/texmf-dist/tex/latex/amsfonts/amsfonts.sty
Package: amsfonts 2013/01/14 v3.01 Basic AMSFonts support
\symAMSa=\mathgroup4
\symAMSb=\mathgroup5
LaTeX Font Info:    Redeclaring math symbol \hbar on input line 98.
LaTeX Font Info:    Overwriting math alphabet `\mathfrak' in version `bold'
(Font)                  U/euf/m/n --> U/euf/b/n on input line 106.
)) (/usr/local/texlive/2022/texmf-dist/tex/generic/iftex/iftex.sty
Package: iftex 2022/02/03 v1.0f TeX engine tests
) (/usr/local/texlive/2022/texmf-dist/tex/latex/unicode-math/unicode-math.sty (
/usr/local/texlive/2022/texmf-dist/tex/latex/l3kernel/expl3.sty
Package: expl3 2022-02-24 L3 programming layer (loader) 
(/usr/local/texlive/2022/texmf-dist/tex/latex/l3backend/l3backend-xetex.def
File: l3backend-xetex.def 2022-02-07 L3 backend support: XeTeX
(|extractbb --version)
\c__kernel_sys_dvipdfmx_version_int=\count277
\l__color_backend_stack_int=\count278
\g__color_backend_stack_int=\count279
\g__graphics_track_int=\count280
\l__pdf_internal_box=\box54
\g__pdf_backend_object_int=\count281
\g__pdf_backend_annotation_int=\count282
\g__pdf_backend_link_int=\count283
))
Package: unicode-math 2020/01/31 v0.8q Unicode maths in XeLaTeX and LuaLaTeX

(/usr/local/texlive/2022/texmf-dist/tex/latex/unicode-math/unicode-math-xetex.s
ty
Package: unicode-math-xetex 2020/01/31 v0.8q Unicode maths in XeLaTeX and LuaLa
TeX
(/usr/local/texlive/2022/texmf-dist/tex/latex/l3packages/xparse/xparse.sty
Package: xparse 2022-01-12 L3 Experimental document command parser
) (/usr/local/texlive/2022/texmf-dist/tex/latex/l3packages/l3keys2e/l3keys2e.st
y
Package: l3keys2e 2022-01-12 LaTeX2e option processing using LaTeX3 keys
) (/usr/local/texlive/2022/texmf-dist/tex/latex/fontspec/fontspec.sty
Package: fontspec 2022/01/15 v2.8a Font selection for XeLaTeX and LuaLaTeX
(/usr/local/texlive/2022/texmf-dist/tex/latex/fontspec/fontspec-xetex.sty
Package: fontspec-xetex 2022/01/15 v2.8a Font selection for XeLaTeX and LuaLaTe
X
\l__fontspec_script_int=\count284
\l__fontspec_language_int=\count285
\l__fontspec_strnum_int=\count286
\l__fontspec_tmp_int=\count287
\l__fontspec_tmpa_int=\count288
\l__fontspec_tmpb_int=\count289
\l__fontspec_tmpc_int=\count290
\l__fontspec_em_int=\count291
\l__fontspec_emdef_int=\count292
\l__fontspec_strong_int=\count293
\l__fontspec_strongdef_int=\count294
\l__fontspec_tmpa_dim=\dimen155
\l__fontspec_tmpb_dim=\dimen156
\l__fontspec_tmpc_dim=\dimen157
(/usr/local/texlive/2022/texmf-dist/tex/latex/base/fontenc.sty
Package: fontenc 2021/04/29 v2.0v Standard LaTeX package
) (/usr/local/texlive/2022/texmf-dist/tex/latex/fontspec/fontspec.cfg))) (/usr/
local/texlive/2022/texmf-dist/tex/latex/base/fix-cm.sty
Package: fix-cm 2020/11/24 v1.1t fixes to LaTeX
(/usr/local/texlive/2022/texmf-dist/tex/latex/base/ts1enc.def
File: ts1enc.def 2001/06/05 v3.0e (jk/car/fm) Standard LaTeX file
LaTeX Font Info:    Redeclaring font encoding TS1 on input line 47.
))
\g__um_fam_int=\count295
\g__um_fonts_used_int=\count296
\l__um_primecount_int=\count297
\g__um_primekern_muskip=\muskip18

(/usr/local/texlive/2022/texmf-dist/tex/latex/unicode-math/unicode-math-table.t
ex))) (/usr/local/texlive/2022/texmf-dist/tex/latex/lm/lmodern.sty
Package: lmodern 2015/05/01 v1.6.1 Latin Modern Fonts
LaTeX Font Info:    Overwriting symbol font `operators' in version `normal'
(Font)                  OT1/cmr/m/n --> OT1/lmr/m/n on input line 22.
LaTeX Font Info:    Overwriting symbol font `letters' in version `normal'
(Font)                  OML/cmm/m/it --> OML/lmm/m/it on input line 23.
LaTeX Font Info:    Overwriting symbol font `symbols' in version `normal'
(Font)                  OMS/cmsy/m/n --> OMS/lmsy/m/n on input line 24.
LaTeX Font Info:    Overwriting symbol font `largesymbols' in version `normal'
(Font)                  OMX/cmex/m/n --> OMX/lmex/m/n on input line 25.
LaTeX Font Info:    Overwriting symbol font `operators' in version `bold'
(Font)                  OT1/cmr/bx/n --> OT1/lmr/bx/n on input line 26.
LaTeX Font Info:    Overwriting symbol font `letters' in version `bold'
(Font)                  OML/cmm/b/it --> OML/lmm/b/it on input line 27.
LaTeX Font Info:    Overwriting symbol font `symbols' in version `bold'
(Font)                  OMS/cmsy/b/n --> OMS/lmsy/b/n on input line 28.
LaTeX Font Info:    Overwriting symbol font `largesymbols' in version `bold'
(Font)                  OMX/cmex/m/n --> OMX/lmex/m/n on input line 29.
LaTeX Font Info:    Overwriting math alphabet `\mathbf' in version `normal'
(Font)                  OT1/cmr/bx/n --> OT1/lmr/bx/n on input line 31.
LaTeX Font Info:    Overwriting math alphabet `\mathsf' in version `normal'
(Font)                  OT1/cmss/m/n --> OT1/lmss/m/n on input line 32.
LaTeX Font Info:    Overwriting math alphabet `\mathit' in version `normal'
(Font)                  OT1/cmr/m/it --> OT1/lmr/m/it on input line 33.
LaTeX Font Info:    Overwriting math alphabet `\mathtt' in version `normal'
(Font)                  OT1/cmtt/m/n --> OT1/lmtt/m/n on input line 34.
LaTeX Font Info:    Overwriting math alphabet `\mathbf' in version `bold'
(Font)                  OT1/cmr/bx/n --> OT1/lmr/bx/n on input line 35.
LaTeX Font Info:    Overwriting math alphabet `\mathsf' in version `bold'
(Font)                  OT1/cmss/bx/n --> OT1/lmss/bx/n on input line 36.
LaTeX Font Info:    Overwriting math alphabet `\mathit' in version `bold'
(Font)                  OT1/cmr/bx/it --> OT1/lmr/bx/it on input line 37.
LaTeX Font Info:    Overwriting math alphabet `\mathtt' in version `bold'
(Font)                  OT1/cmtt/m/n --> OT1/lmtt/m/n on input line 38.
) (/usr/local/texlive/2022/texmf-dist/tex/latex/upquote/upquote.sty
Package: upquote 2012/04/19 v1.3 upright-quote and grave-accent glyphs in verba
tim
(/usr/local/texlive/2022/texmf-dist/tex/latex/base/textcomp.sty
Package: textcomp 2020/02/02 v2.0n Standard LaTeX package
)) (/usr/local/texlive/2022/texmf-dist/tex/latex/microtype/microtype.sty
Package: microtype 2022/03/14 v3.0d Micro-typographical refinements (RS)
(/usr/local/texlive/2022/texmf-dist/tex/latex/etoolbox/etoolbox.sty
Package: etoolbox 2020/10/05 v2.5k e-TeX tools for LaTeX (JAW)
\etb@tempcnta=\count298
)
\MT@toks=\toks24
\MT@tempbox=\box55
\MT@count=\count299
LaTeX Info: Redefining \noprotrusionifhmode on input line 1027.
LaTeX Info: Redefining \leftprotrusion on input line 1028.
LaTeX Info: Redefining \rightprotrusion on input line 1036.
LaTeX Info: Redefining \textls on input line 1195.
\MT@outer@kern=\dimen158
LaTeX Info: Redefining \textmicrotypecontext on input line 1781.
\MT@listname@count=\count300
(/usr/local/texlive/2022/texmf-dist/tex/latex/microtype/microtype-xetex.def
File: microtype-xetex.def 2022/03/14 v3.0d Definitions specific to xetex (RS)
LaTeX Info: Redefining \lsstyle on input line 236.
)
Package microtype Info: Loading configuration file microtype.cfg.
(/usr/local/texlive/2022/texmf-dist/tex/latex/microtype/microtype.cfg
File: microtype.cfg 2022/03/14 v3.0d microtype main configuration file (RS)
)) (/usr/local/texlive/2022/texmf-dist/tex/latex/parskip/parskip.sty
Package: parskip 2021-03-14 v2.0h non-zero parskip adjustments
(/usr/local/texlive/2022/texmf-dist/tex/latex/kvoptions/kvoptions.sty
Package: kvoptions 2020-10-07 v3.14 Key value format for package options (HO)
(/usr/local/texlive/2022/texmf-dist/tex/generic/ltxcmds/ltxcmds.sty
Package: ltxcmds 2020-05-10 v1.25 LaTeX kernel commands for general use (HO)
) (/usr/local/texlive/2022/texmf-dist/tex/generic/kvsetkeys/kvsetkeys.sty
Package: kvsetkeys 2019/12/15 v1.18 Key value parser (HO)
))) (/usr/local/texlive/2022/texmf-dist/tex/latex/tools/longtable.sty
Package: longtable 2021-09-01 v4.17 Multi-page Table package (DPC)
\LTleft=\skip73
\LTright=\skip74
\LTpre=\skip75
\LTpost=\skip76
\LTchunksize=\count301
\LTcapwidth=\dimen159
\LT@head=\box56
\LT@firsthead=\box57
\LT@foot=\box58
\LT@lastfoot=\box59
\LT@gbox=\box60
\LT@cols=\count302
\LT@rows=\count303
\c@LT@tables=\count304
\c@LT@chunks=\count305
\LT@p@ftn=\toks25
) (/usr/local/texlive/2022/texmf-dist/tex/latex/booktabs/booktabs.sty
Package: booktabs 2020/01/12 v1.61803398 Publication quality tables
\heavyrulewidth=\dimen160
\lightrulewidth=\dimen161
\cmidrulewidth=\dimen162
\belowrulesep=\dimen163
\belowbottomsep=\dimen164
\aboverulesep=\dimen165
\abovetopsep=\dimen166
\cmidrulesep=\dimen167
\cmidrulekern=\dimen168
\defaultaddspace=\dimen169
\@cmidla=\count306
\@cmidlb=\count307
\@aboverulesep=\dimen170
\@belowrulesep=\dimen171
\@thisruleclass=\count308
\@lastruleclass=\count309
\@thisrulewidth=\dimen172
) (/usr/local/texlive/2022/texmf-dist/tex/latex/tools/array.sty
Package: array 2021/10/04 v2.5f Tabular extension package (FMi)
\col@sep=\dimen173
\ar@mcellbox=\box61
\extrarowheight=\dimen174
\NC@list=\toks26
\extratabsurround=\skip77
\backup@length=\skip78
\ar@cellbox=\box62
) (/usr/local/texlive/2022/texmf-dist/tex/latex/tools/calc.sty
Package: calc 2017/05/25 v4.3 Infix arithmetic (KKT,FJ)
\calc@Acount=\count310
\calc@Bcount=\count311
\calc@Adimen=\dimen175
\calc@Bdimen=\dimen176
\calc@Askip=\skip79
\calc@Bskip=\skip80
LaTeX Info: Redefining \setlength on input line 80.
LaTeX Info: Redefining \addtolength on input line 81.
\calc@Ccount=\count312
\calc@Cskip=\skip81
) (/usr/local/texlive/2022/texmf-dist/tex/latex/footnotehyper/footnotehyper.sty
Package: footnotehyper 2021/08/13 v1.1e hyperref aware footnote.sty (JFB)
\FNH@notes=\box63
\FNH@width=\dimen177
\FNH@toks=\toks27
)
\cslhangindent=\skip82
\csllabelwidth=\skip83
(./trackchanges.sty
Package: trackchanges 2009/04/22 v0.7.0 TrackChanges file 
(/usr/local/texlive/2022/texmf-dist/tex/generic/soul/soul.sty
Package: soul 2003/11/17 v2.4 letterspacing/underlining (mf)
\SOUL@word=\toks28
\SOUL@lasttoken=\toks29
\SOUL@cmds=\toks30
\SOUL@buffer=\toks31
\SOUL@token=\toks32
\SOUL@spaceskip=\skip84
\SOUL@ttwidth=\dimen178
\SOUL@uldp=\dimen179
\SOUL@ulht=\dimen180
) (/usr/local/texlive/2022/texmf-dist/tex/latex/morefloats/morefloats.sty
Package: morefloats 2015/07/22 v1.0h Raise limit of unprocessed floats (HMM)
Package morefloats Info: Maximum number of possible floats asked for: 36
(morefloats)             (i.e. 18 more floats).
(morefloats)             LaTeX might run out of memory before this
(morefloats)             (in which case it will notify you).
)
\c@userid=\count313
\c@changenumber=\count314
\c@storefootnote=\count315
\c@numeditors=\count316
\c@maxeditors=\count317
) (/usr/local/texlive/2022/texmf-dist/tex/latex/caption/caption.sty
Package: caption 2022/03/01 v3.6b Customizing captions (AR)
(/usr/local/texlive/2022/texmf-dist/tex/latex/caption/caption3.sty
Package: caption3 2022/03/17 v2.3b caption3 kernel (AR)
\caption@tempdima=\dimen181
\captionmargin=\dimen182
\caption@leftmargin=\dimen183
\caption@rightmargin=\dimen184
\caption@width=\dimen185
\caption@indent=\dimen186
\caption@parindent=\dimen187
\caption@hangindent=\dimen188
Package caption Info: Unknown document class (or package),
(caption)             standard defaults will be used.
Package caption Info: \@makecaption = \long macro:#1#2->{\small \ifx \@captype 
\xfigure \vskip \abovecaptionskip \fi {\ifturnofflinenums \else \ifnumlines \in
ternallinenumbers \fi \fi \sbox \@tempboxa {\bf #1.\quad \rm #2}\ifdim \wd \@te
mpboxa >.9\hsize \bf #1.\quad \rm \relax #2\par \else {\centering \bf #1.\rm \q
uad #2 \vskip 1sp} \fi } \ifx \@captype \xfigure \else \vskip \belowcaptionskip
 \fi } on input line 1176.
)

Package caption Warning: Unknown document class (or package),
(caption)                standard defaults will be used.
See the caption package documentation for explanation.

\c@caption@flags=\count318
\c@continuedfloat=\count319
Package caption Info: longtable package is loaded.
(/usr/local/texlive/2022/texmf-dist/tex/latex/caption/ltcaption.sty
Package: ltcaption 2021/01/08 v1.4c longtable captions (AR)
)
Package caption Info: rotating package is loaded.
) (/usr/local/texlive/2022/texmf-dist/tex/latex/float/float.sty
Package: float 2001/11/08 v1.3d Float enhancements (AL)
\c@float@type=\count320
\float@exts=\toks33
\float@box=\box64
\@float@everytoks=\toks34
\@floatcapt=\box65
)
\@float@every@codelisting=\toks35
\c@codelisting=\count321
(/usr/local/texlive/2022/texmf-dist/tex/latex/caption/subcaption.sty
Package: subcaption 2022/01/07 v1.5 Sub-captions (AR)
\c@subfigure=\count322
\c@subtable=\count323
) (/usr/local/texlive/2022/texmf-dist/tex/latex/bookmark/bookmark.sty
Package: bookmark 2020-11-06 v1.29 PDF bookmarks (HO)
(/usr/local/texlive/2022/texmf-dist/tex/latex/hyperref/hyperref.sty
Package: hyperref 2022-02-21 v7.00n Hypertext links for LaTeX
(/usr/local/texlive/2022/texmf-dist/tex/generic/pdftexcmds/pdftexcmds.sty
Package: pdftexcmds 2020-06-27 v0.33 Utility functions of pdfTeX for LuaTeX (HO
)
(/usr/local/texlive/2022/texmf-dist/tex/generic/infwarerr/infwarerr.sty
Package: infwarerr 2019/12/03 v1.5 Providing info/warning/error messages (HO)
)
Package pdftexcmds Info: \pdf@primitive is available.
Package pdftexcmds Info: \pdf@ifprimitive is available.
Package pdftexcmds Info: \pdfdraftmode not found.
) (/usr/local/texlive/2022/texmf-dist/tex/generic/kvdefinekeys/kvdefinekeys.sty
Package: kvdefinekeys 2019-12-19 v1.6 Define keys (HO)
) (/usr/local/texlive/2022/texmf-dist/tex/generic/pdfescape/pdfescape.sty
Package: pdfescape 2019/12/09 v1.15 Implements pdfTeX's escape features (HO)
) (/usr/local/texlive/2022/texmf-dist/tex/latex/hycolor/hycolor.sty
Package: hycolor 2020-01-27 v1.10 Color options for hyperref/bookmark (HO)
) (/usr/local/texlive/2022/texmf-dist/tex/latex/letltxmacro/letltxmacro.sty
Package: letltxmacro 2019/12/03 v1.6 Let assignment for LaTeX macros (HO)
) (/usr/local/texlive/2022/texmf-dist/tex/latex/auxhook/auxhook.sty
Package: auxhook 2019-12-17 v1.6 Hooks for auxiliary files (HO)
)
\@linkdim=\dimen189
\Hy@linkcounter=\count324
\Hy@pagecounter=\count325
(/usr/local/texlive/2022/texmf-dist/tex/latex/hyperref/pd1enc.def
File: pd1enc.def 2022-02-21 v7.00n Hyperref: PDFDocEncoding definition (HO)
) (/usr/local/texlive/2022/texmf-dist/tex/generic/intcalc/intcalc.sty
Package: intcalc 2019/12/15 v1.3 Expandable calculations with integers (HO)
) (/usr/local/texlive/2022/texmf-dist/tex/generic/etexcmds/etexcmds.sty
Package: etexcmds 2019/12/15 v1.7 Avoid name clashes with e-TeX commands (HO)
)
\Hy@SavedSpaceFactor=\count326
(/usr/local/texlive/2022/texmf-dist/tex/latex/hyperref/puenc.def
File: puenc.def 2022-02-21 v7.00n Hyperref: PDF Unicode definition (HO)
)
Package hyperref Info: Option `unicode' set `true' on input line 4018.
Package hyperref Info: Hyper figures OFF on input line 4137.
Package hyperref Info: Link nesting OFF on input line 4142.
Package hyperref Info: Hyper index ON on input line 4145.
Package hyperref Info: Plain pages OFF on input line 4152.
Package hyperref Info: Backreferencing OFF on input line 4157.
Package hyperref Info: Implicit mode ON; LaTeX internals redefined.
Package hyperref Info: Bookmarks ON on input line 4390.
\c@Hy@tempcnt=\count327
LaTeX Info: Redefining \url on input line 4749.
\XeTeXLinkMargin=\dimen190
(/usr/local/texlive/2022/texmf-dist/tex/generic/bitset/bitset.sty
Package: bitset 2019/12/09 v1.3 Handle bit-vector datatype (HO)
(/usr/local/texlive/2022/texmf-dist/tex/generic/bigintcalc/bigintcalc.sty
Package: bigintcalc 2019/12/15 v1.5 Expandable calculations on big integers (HO
)
))
\Fld@menulength=\count328
\Field@Width=\dimen191
\Fld@charsize=\dimen192
Package hyperref Info: Hyper figures OFF on input line 6027.
Package hyperref Info: Link nesting OFF on input line 6032.
Package hyperref Info: Hyper index ON on input line 6035.
Package hyperref Info: backreferencing OFF on input line 6042.
Package hyperref Info: Link coloring OFF on input line 6047.
Package hyperref Info: Link coloring with OCG OFF on input line 6052.
Package hyperref Info: PDF/A mode OFF on input line 6057.
LaTeX Info: Redefining \ref on input line 6097.
LaTeX Info: Redefining \pageref on input line 6101.
(/usr/local/texlive/2022/texmf-dist/tex/latex/base/atbegshi-ltx.sty
Package: atbegshi-ltx 2021/01/10 v1.0c Emulation of the original atbegshi
package with kernel methods
)
\Hy@abspage=\count329
\c@Item=\count330
\c@Hfootnote=\count331
)
Package hyperref Info: Driver (autodetected): hxetex.
(/usr/local/texlive/2022/texmf-dist/tex/latex/hyperref/hxetex.def
File: hxetex.def 2022-02-21 v7.00n Hyperref driver for XeTeX
(/usr/local/texlive/2022/texmf-dist/tex/generic/stringenc/stringenc.sty
Package: stringenc 2019/11/29 v1.12 Convert strings between diff. encodings (HO
)
)
\pdfm@box=\box66
\c@Hy@AnnotLevel=\count332
\HyField@AnnotCount=\count333
\Fld@listcount=\count334
\c@bookmark@seq@number=\count335

(/usr/local/texlive/2022/texmf-dist/tex/latex/rerunfilecheck/rerunfilecheck.sty
Package: rerunfilecheck 2019/12/05 v1.9 Rerun checks for auxiliary files (HO)
(/usr/local/texlive/2022/texmf-dist/tex/latex/base/atveryend-ltx.sty
Package: atveryend-ltx 2020/08/19 v1.0a Emulation of the original atveryend pac
kage
with kernel methods
)
(/usr/local/texlive/2022/texmf-dist/tex/generic/uniquecounter/uniquecounter.sty
Package: uniquecounter 2019/12/15 v1.4 Provide unlimited unique counter (HO)
)
Package uniquecounter Info: New unique counter `rerunfilecheck' on input line 2
86.
)
\Hy@SectionHShift=\skip85
) (/usr/local/texlive/2022/texmf-dist/tex/latex/bookmark/bkm-dvipdfm.def
File: bkm-dvipdfm.def 2020-11-06 v1.29 bookmark driver for dvipdfm (HO)
\BKM@id=\count336
)) (/usr/local/texlive/2022/texmf-dist/tex/latex/xurl/xurl.sty
Package: xurl 2022/01/09 v 0.10 modify URL breaks
)
Package hyperref Info: Option `colorlinks' set `true' on input line 190.
No file template.aux.
\openout1 = `template.aux'.

LaTeX Font Info:    Checking defaults for OML/cmm/m/it on input line 197.
LaTeX Font Info:    ... okay on input line 197.
LaTeX Font Info:    Checking defaults for OMS/cmsy/m/n on input line 197.
LaTeX Font Info:    ... okay on input line 197.
LaTeX Font Info:    Checking defaults for OT1/cmr/m/n on input line 197.
LaTeX Font Info:    ... okay on input line 197.
LaTeX Font Info:    Checking defaults for T1/cmr/m/n on input line 197.
LaTeX Font Info:    ... okay on input line 197.
LaTeX Font Info:    Checking defaults for TS1/cmr/m/n on input line 197.
LaTeX Font Info:    ... okay on input line 197.
LaTeX Font Info:    Checking defaults for TU/lmr/m/n on input line 197.
LaTeX Font Info:    ... okay on input line 197.
LaTeX Font Info:    Checking defaults for OMX/cmex/m/n on input line 197.
LaTeX Font Info:    ... okay on input line 197.
LaTeX Font Info:    Checking defaults for U/cmr/m/n on input line 197.
LaTeX Font Info:    ... okay on input line 197.
LaTeX Font Info:    Checking defaults for PD1/pdf/m/n on input line 197.
LaTeX Font Info:    ... okay on input line 197.
LaTeX Font Info:    Checking defaults for PU/pdf/m/n on input line 197.
LaTeX Font Info:    ... okay on input line 197.
\c@maskedRefs=\count337
(/usr/local/texlive/2022/texmf-dist/tex/latex/apacite/english.apc
File: english.apc 2013/07/21 v6.03 apacite language file
LaTeX Info: Redefining \BPBI on input line 129.
LaTeX Info: Redefining \BHBI on input line 130.
)
LaTeX Font Info:    Overwriting math alphabet `\mathrm' in version `normal'
(Font)                  OT1/lmr/m/n --> TU/lmr/m/n on input line 197.
LaTeX Font Info:    Overwriting math alphabet `\mathit' in version `normal'
(Font)                  OT1/lmr/m/it --> TU/lmr/m/it on input line 197.
LaTeX Font Info:    Overwriting math alphabet `\mathbf' in version `normal'
(Font)                  OT1/lmr/bx/n --> TU/lmr/bx/n on input line 197.
LaTeX Font Info:    Overwriting math alphabet `\mathsf' in version `normal'
(Font)                  OT1/lmss/m/n --> TU/lmss/m/n on input line 197.
LaTeX Font Info:    Overwriting math alphabet `\mathsf' in version `bold'
(Font)                  OT1/lmss/bx/n --> TU/lmss/bx/n on input line 197.
LaTeX Font Info:    Overwriting math alphabet `\mathtt' in version `normal'
(Font)                  OT1/lmtt/m/n --> TU/lmtt/m/n on input line 197.
LaTeX Font Info:    Overwriting math alphabet `\mathtt' in version `bold'
(Font)                  OT1/lmtt/m/n --> TU/lmtt/bx/n on input line 197.

Package fontspec Info: latinmodern-math scale = 0.9999964596882403.


Package fontspec Info: latinmodern-math scale = 0.9999964596882403.


Package fontspec Info: latinmodern-math scale = 0.9999964596882403.


Package fontspec Info: Font family 'latinmodern-math.otf(0)' created for font
(fontspec)             'latinmodern-math.otf' with options
(fontspec)             [Scale=MatchLowercase,BoldItalicFont={},ItalicFont={},Sm
allCapsFont={},Script=Math,BoldFont={latinmodern-math.otf}].
(fontspec)              
(fontspec)              This font family consists of the following NFSS
(fontspec)             series/shapes:
(fontspec)              
(fontspec)             - 'normal' (m/n) with NFSS spec.:
(fontspec)             <->s*[0.9999964596882403]"[latinmodern-math.otf]/OT:scri
pt=math;language=dflt;"
(fontspec)             - 'small caps'  (m/sc) with NFSS spec.: 
(fontspec)             - 'bold' (b/n) with NFSS spec.:
(fontspec)             <->s*[0.9999964596882403]"[latinmodern-math.otf]/OT:scri
pt=math;language=dflt;"
(fontspec)             - 'bold small caps'  (b/sc) with NFSS spec.: 

LaTeX Font Info:    Font shape `TU/latinmodern-math.otf(0)/m/n' will be
(Font)              scaled to size 10.0pt on input line 197.

Package fontspec Info: latinmodern-math scale = 0.9999964596882403.


Package fontspec Info: latinmodern-math scale = 0.9999964596882403.


Package fontspec Info: latinmodern-math scale = 0.9999964596882403.


Package fontspec Info: latinmodern-math scale = 0.9999964596882403.


Package fontspec Info: latinmodern-math scale = 0.9999964596882403.


Package fontspec Info: Font family 'latinmodern-math.otf(1)' created for font
(fontspec)             'latinmodern-math.otf' with options
(fontspec)             [Scale=MatchLowercase,BoldItalicFont={},ItalicFont={},Sm
allCapsFont={},Script=Math,SizeFeatures={{Size=8.5-},{Size=6-8.5,Font=latinmode
rn-math.otf,Style=MathScript},{Size=-6,Font=latinmodern-math.otf,Style=MathScri
ptScript}},BoldFont={latinmodern-math.otf}].
(fontspec)              
(fontspec)              This font family consists of the following NFSS
(fontspec)             series/shapes:
(fontspec)              
(fontspec)             - 'normal' (m/n) with NFSS spec.:
(fontspec)             <8.5->s*[0.9999964596882403]"[latinmodern-math.otf]/OT:s
cript=math;language=dflt;"<6-8.5>s*[0.9999964596882403]"[latinmodern-math.otf]/
OT:script=math;language=dflt;+ssty=0;"<-6>s*[0.9999964596882403]"[latinmodern-m
ath.otf]/OT:script=math;language=dflt;+ssty=1;"
(fontspec)             - 'small caps'  (m/sc) with NFSS spec.: 
(fontspec)             - 'bold' (b/n) with NFSS spec.:
(fontspec)             <->s*[0.9999964596882403]"[latinmodern-math.otf]/OT:scri
pt=math;language=dflt;"
(fontspec)             - 'bold small caps'  (b/sc) with NFSS spec.: 

LaTeX Font Info:    Font shape `TU/latinmodern-math.otf(1)/m/n' will be
(Font)              scaled to size 10.0pt on input line 197.
LaTeX Font Info:    Encoding `OT1' has changed to `TU' for symbol font
(Font)              `operators' in the math version `normal' on input line 197.

LaTeX Font Info:    Overwriting symbol font `operators' in version `normal'
(Font)                  OT1/lmr/m/n --> TU/latinmodern-math.otf(1)/m/n on input
 line 197.
LaTeX Font Info:    Encoding `OT1' has changed to `TU' for symbol font
(Font)              `operators' in the math version `bold' on input line 197.
LaTeX Font Info:    Overwriting symbol font `operators' in version `bold'
(Font)                  OT1/lmr/bx/n --> TU/latinmodern-math.otf(1)/b/n on inpu
t line 197.

Package fontspec Info: latinmodern-math scale = 0.9999964596882403.


Package fontspec Info: latinmodern-math scale = 1.000096459334209.


Package fontspec Info: latinmodern-math scale = 0.9999964596882403.


Package fontspec Info: latinmodern-math scale = 1.000096459334209.


Package fontspec Info: latinmodern-math scale = 0.9999964596882403.


Package fontspec Info: latinmodern-math scale = 1.000096459334209.


Package fontspec Info: latinmodern-math scale = 0.9999964596882403.


Package fontspec Info: latinmodern-math scale = 1.000096459334209.


Package fontspec Info: latinmodern-math scale = 0.9999964596882403.


Package fontspec Info: latinmodern-math scale = 1.000096459334209.


Package fontspec Info: Font family 'latinmodern-math.otf(2)' created for font
(fontspec)             'latinmodern-math.otf' with options
(fontspec)             [Scale=MatchLowercase,BoldItalicFont={},ItalicFont={},Sm
allCapsFont={},Script=Math,SizeFeatures={{Size=8.5-},{Size=6-8.5,Font=latinmode
rn-math.otf,Style=MathScript},{Size=-6,Font=latinmodern-math.otf,Style=MathScri
ptScript}},BoldFont={latinmodern-math.otf},ScaleAgain=1.0001,FontAdjustment={\f
ontdimen
(fontspec)             8\font =6.77pt\relax \fontdimen 9\font =3.94pt\relax
(fontspec)             \fontdimen 10\font =4.44pt\relax \fontdimen 11\font
(fontspec)             =6.86pt\relax \fontdimen 12\font =3.45pt\relax
(fontspec)             \fontdimen 13\font =3.63pt\relax \fontdimen 14\font
(fontspec)             =3.63pt\relax \fontdimen 15\font =2.89pt\relax
(fontspec)             \fontdimen 16\font =2.47pt\relax \fontdimen 17\font
(fontspec)             =2.47pt\relax \fontdimen 18\font =2.5pt\relax
(fontspec)             \fontdimen 19\font =2.0pt\relax \fontdimen 22\font
(fontspec)             =2.5pt\relax \fontdimen 20\font =0pt\relax \fontdimen
(fontspec)             21\font =0pt\relax }].
(fontspec)              
(fontspec)              This font family consists of the following NFSS
(fontspec)             series/shapes:
(fontspec)              
(fontspec)             - 'normal' (m/n) with NFSS spec.:
(fontspec)             <8.5->s*[1.000096459334209]"[latinmodern-math.otf]/OT:sc
ript=math;language=dflt;"<6-8.5>s*[1.000096459334209]"[latinmodern-math.otf]/OT
:script=math;language=dflt;+ssty=0;"<-6>s*[1.000096459334209]"[latinmodern-math
.otf]/OT:script=math;language=dflt;+ssty=1;"
(fontspec)             - 'small caps'  (m/sc) with NFSS spec.: 
(fontspec)             and font adjustment code:
(fontspec)             \fontdimen 8\font =6.77pt\relax \fontdimen 9\font
(fontspec)             =3.94pt\relax \fontdimen 10\font =4.44pt\relax
(fontspec)             \fontdimen 11\font =6.86pt\relax \fontdimen 12\font
(fontspec)             =3.45pt\relax \fontdimen 13\font =3.63pt\relax
(fontspec)             \fontdimen 14\font =3.63pt\relax \fontdimen 15\font
(fontspec)             =2.89pt\relax \fontdimen 16\font =2.47pt\relax
(fontspec)             \fontdimen 17\font =2.47pt\relax \fontdimen 18\font
(fontspec)             =2.5pt\relax \fontdimen 19\font =2.0pt\relax \fontdimen
(fontspec)             22\font =2.5pt\relax \fontdimen 20\font =0pt\relax
(fontspec)             \fontdimen 21\font =0pt\relax 
(fontspec)             - 'bold' (b/n) with NFSS spec.:
(fontspec)             <->s*[1.000096459334209]"[latinmodern-math.otf]/OT:scrip
t=math;language=dflt;"
(fontspec)             - 'bold small caps'  (b/sc) with NFSS spec.: 
(fontspec)             and font adjustment code:
(fontspec)             \fontdimen 8\font =6.77pt\relax \fontdimen 9\font
(fontspec)             =3.94pt\relax \fontdimen 10\font =4.44pt\relax
(fontspec)             \fontdimen 11\font =6.86pt\relax \fontdimen 12\font
(fontspec)             =3.45pt\relax \fontdimen 13\font =3.63pt\relax
(fontspec)             \fontdimen 14\font =3.63pt\relax \fontdimen 15\font
(fontspec)             =2.89pt\relax \fontdimen 16\font =2.47pt\relax
(fontspec)             \fontdimen 17\font =2.47pt\relax \fontdimen 18\font
(fontspec)             =2.5pt\relax \fontdimen 19\font =2.0pt\relax \fontdimen
(fontspec)             22\font =2.5pt\relax \fontdimen 20\font =0pt\relax
(fontspec)             \fontdimen 21\font =0pt\relax 

LaTeX Font Info:    Encoding `OMS' has changed to `TU' for symbol font
(Font)              `symbols' in the math version `normal' on input line 197.
LaTeX Font Info:    Overwriting symbol font `symbols' in version `normal'
(Font)                  OMS/lmsy/m/n --> TU/latinmodern-math.otf(2)/m/n on inpu
t line 197.
LaTeX Font Info:    Encoding `OMS' has changed to `TU' for symbol font
(Font)              `symbols' in the math version `bold' on input line 197.
LaTeX Font Info:    Overwriting symbol font `symbols' in version `bold'
(Font)                  OMS/lmsy/b/n --> TU/latinmodern-math.otf(2)/b/n on inpu
t line 197.

Package fontspec Info: latinmodern-math scale = 0.9999964596882403.


Package fontspec Info: latinmodern-math scale = 0.9998964600422715.


Package fontspec Info: latinmodern-math scale = 0.9999964596882403.


Package fontspec Info: latinmodern-math scale = 0.9998964600422715.


Package fontspec Info: latinmodern-math scale = 0.9999964596882403.


Package fontspec Info: latinmodern-math scale = 0.9998964600422715.


Package fontspec Info: latinmodern-math scale = 0.9999964596882403.


Package fontspec Info: latinmodern-math scale = 0.9998964600422715.


Package fontspec Info: latinmodern-math scale = 0.9999964596882403.


Package fontspec Info: latinmodern-math scale = 0.9998964600422715.


Package fontspec Info: Font family 'latinmodern-math.otf(3)' created for font
(fontspec)             'latinmodern-math.otf' with options
(fontspec)             [Scale=MatchLowercase,BoldItalicFont={},ItalicFont={},Sm
allCapsFont={},Script=Math,SizeFeatures={{Size=8.5-},{Size=6-8.5,Font=latinmode
rn-math.otf,Style=MathScript},{Size=-6,Font=latinmodern-math.otf,Style=MathScri
ptScript}},BoldFont={latinmodern-math.otf},ScaleAgain=0.9999,FontAdjustment={\f
ontdimen
(fontspec)             8\font =0.4pt\relax \fontdimen 9\font =2.0pt\relax
(fontspec)             \fontdimen 10\font =1.67pt\relax \fontdimen 11\font
(fontspec)             =1.11pt\relax \fontdimen 12\font =6.0pt\relax
(fontspec)             \fontdimen 13\font =0pt\relax }].
(fontspec)              
(fontspec)              This font family consists of the following NFSS
(fontspec)             series/shapes:
(fontspec)              
(fontspec)             - 'normal' (m/n) with NFSS spec.:
(fontspec)             <8.5->s*[0.9998964600422715]"[latinmodern-math.otf]/OT:s
cript=math;language=dflt;"<6-8.5>s*[0.9998964600422715]"[latinmodern-math.otf]/
OT:script=math;language=dflt;+ssty=0;"<-6>s*[0.9998964600422715]"[latinmodern-m
ath.otf]/OT:script=math;language=dflt;+ssty=1;"
(fontspec)             - 'small caps'  (m/sc) with NFSS spec.: 
(fontspec)             and font adjustment code:
(fontspec)             \fontdimen 8\font =0.4pt\relax \fontdimen 9\font
(fontspec)             =2.0pt\relax \fontdimen 10\font =1.67pt\relax
(fontspec)             \fontdimen 11\font =1.11pt\relax \fontdimen 12\font
(fontspec)             =6.0pt\relax \fontdimen 13\font =0pt\relax 
(fontspec)             - 'bold' (b/n) with NFSS spec.:
(fontspec)             <->s*[0.9998964600422715]"[latinmodern-math.otf]/OT:scri
pt=math;language=dflt;"
(fontspec)             - 'bold small caps'  (b/sc) with NFSS spec.: 
(fontspec)             and font adjustment code:
(fontspec)             \fontdimen 8\font =0.4pt\relax \fontdimen 9\font
(fontspec)             =2.0pt\relax \fontdimen 10\font =1.67pt\relax
(fontspec)             \fontdimen 11\font =1.11pt\relax \fontdimen 12\font
(fontspec)             =6.0pt\relax \fontdimen 13\font =0pt\relax 

LaTeX Font Info:    Encoding `OMX' has changed to `TU' for symbol font
(Font)              `largesymbols' in the math version `normal' on input line 1
97.
LaTeX Font Info:    Overwriting symbol font `largesymbols' in version `normal'
(Font)                  OMX/lmex/m/n --> TU/latinmodern-math.otf(3)/m/n on inpu
t line 197.
LaTeX Font Info:    Encoding `OMX' has changed to `TU' for symbol font
(Font)              `largesymbols' in the math version `bold' on input line 197
.
LaTeX Font Info:    Overwriting symbol font `largesymbols' in version `bold'
(Font)                  OMX/lmex/m/n --> TU/latinmodern-math.otf(3)/b/n on inpu
t line 197.
LaTeX Info: Redefining \microtypecontext on input line 197.
Package microtype Info: Applying patch `item' on input line 197.
Package microtype Info: Applying patch `toc' on input line 197.
Package microtype Info: Applying patch `eqnum' on input line 197.
Package microtype Info: Applying patch `footnote' on input line 197.
Package microtype Info: Character protrusion enabled (level 2).
Package microtype Info: Using protrusion set `basicmath'.
Package microtype Info: No adjustment of tracking.
Package microtype Info: No adjustment of spacing.
Package microtype Info: No adjustment of kerning.

(/usr/local/texlive/2022/texmf-dist/tex/latex/microtype/mt-LatinModernRoman.cfg
File: mt-LatinModernRoman.cfg 2021/02/21 v1.1 microtype config. file: Latin Mod
ern Roman (RS)
)
Package caption Info: Begin \AtBeginDocument code.
Package caption Info: float package is loaded.
Package caption Info: hyperref package is loaded.
Package caption Info: End \AtBeginDocument code.

Package hyperref Warning: Height of page (\paperheight) is invalid (0.0pt),
(hyperref)                using 11in.

Package hyperref Info: Link coloring ON on input line 197.
(/usr/local/texlive/2022/texmf-dist/tex/latex/hyperref/nameref.sty
Package: nameref 2021-04-02 v2.47 Cross-referencing by name of section
(/usr/local/texlive/2022/texmf-dist/tex/latex/refcount/refcount.sty
Package: refcount 2019/12/15 v3.6 Data extraction from label references (HO)
)
(/usr/local/texlive/2022/texmf-dist/tex/generic/gettitlestring/gettitlestring.s
ty
Package: gettitlestring 2019/12/15 v1.6 Cleanup title references (HO)
)
\c@section@level=\count338
)
LaTeX Info: Redefining \ref on input line 197.
LaTeX Info: Redefining \pageref on input line 197.
LaTeX Info: Redefining \nameref on input line 197.

Package hyperref Warning: Rerun to get /PageLabels entry.

LaTeX Font Info:    Font shape `TU/latinmodern-math.otf(1)/m/n' will be
(Font)              scaled to size 7.0pt on input line 201.
LaTeX Font Info:    Font shape `TU/latinmodern-math.otf(1)/m/n' will be
(Font)              scaled to size 5.0pt on input line 201.
LaTeX Font Info:    Trying to load font information for OML+lmm on input line 2
01.
(/usr/local/texlive/2022/texmf-dist/tex/latex/lm/omllmm.fd
File: omllmm.fd 2015/05/01 v1.6.1 Font defs for Latin Modern
)
LaTeX Font Info:    Font shape `TU/latinmodern-math.otf(2)/m/n' will be
(Font)              scaled to size 10.00092pt on input line 201.
LaTeX Font Info:    Font shape `TU/latinmodern-math.otf(2)/m/n' will be
(Font)              scaled to size 7.00064pt on input line 201.
LaTeX Font Info:    Font shape `TU/latinmodern-math.otf(2)/m/n' will be
(Font)              scaled to size 5.00046pt on input line 201.
LaTeX Font Info:    Font shape `TU/latinmodern-math.otf(3)/m/n' will be
(Font)              scaled to size 9.99893pt on input line 201.
LaTeX Font Info:    Font shape `TU/latinmodern-math.otf(3)/m/n' will be
(Font)              scaled to size 6.99925pt on input line 201.
LaTeX Font Info:    Font shape `TU/latinmodern-math.otf(3)/m/n' will be
(Font)              scaled to size 4.99947pt on input line 201.
LaTeX Font Info:    Trying to load font information for U+msa on input line 201
.
(/usr/local/texlive/2022/texmf-dist/tex/latex/amsfonts/umsa.fd
File: umsa.fd 2013/01/14 v3.01 AMS symbols A
) (/usr/local/texlive/2022/texmf-dist/tex/latex/microtype/mt-msa.cfg
File: mt-msa.cfg 2006/02/04 v1.1 microtype config. file: AMS symbols (a) (RS)
)
LaTeX Font Info:    Trying to load font information for U+msb on input line 201
.
(/usr/local/texlive/2022/texmf-dist/tex/latex/amsfonts/umsb.fd
File: umsb.fd 2013/01/14 v3.01 AMS symbols B
) (/usr/local/texlive/2022/texmf-dist/tex/latex/microtype/mt-msb.cfg
File: mt-msb.cfg 2005/06/01 v1.0 microtype config. file: AMS symbols (b) (RS)
)
LaTeX Font Info:    Font shape `TU/latinmodern-math.otf(1)/m/n' will be
(Font)              scaled to size 8.0pt on input line 203.
LaTeX Font Info:    Font shape `TU/latinmodern-math.otf(1)/m/n' will be
(Font)              scaled to size 6.0pt on input line 203.
LaTeX Font Info:    Font shape `TU/latinmodern-math.otf(2)/m/n' will be
(Font)              scaled to size 8.00073pt on input line 203.
LaTeX Font Info:    Font shape `TU/latinmodern-math.otf(2)/m/n' will be
(Font)              scaled to size 6.00055pt on input line 203.
LaTeX Font Info:    Font shape `TU/latinmodern-math.otf(3)/m/n' will be
(Font)              scaled to size 7.99915pt on input line 203.
LaTeX Font Info:    Font shape `TU/latinmodern-math.otf(3)/m/n' will be
(Font)              scaled to size 5.99936pt on input line 203.

Package hyperref Warning: Ignoring empty anchor on input line 205.

[1]
Underfull \hbox (badness 10000) in paragraph at lines 208--239
\TU/lmr/m/n/10 Headwater streams comprise approximately 88% of the stream netwo
rk in the west- 
 []


Underfull \hbox (badness 10000) in paragraph at lines 208--239
\TU/lmr/m/n/10 ern United States and serve as critical sources of the nation’s 
water supply. In the 
 []


Underfull \hbox (badness 10000) in paragraph at lines 208--239
\TU/lmr/m/n/10 11 western states, nearly 66% of the water originates on federal
 lands, with forested 
 []


Underfull \hbox (badness 10000) in paragraph at lines 208--239
\TU/lmr/m/n/10 lands alone providing over half of this contribution. These head
waters yield dis- 
 []


Underfull \hbox (badness 10000) in paragraph at lines 208--239
\TU/lmr/m/n/10 proportionately high volumes of water and are vital for sustaini
ng downstream 
 []


Underfull \hbox (badness 10000) in paragraph at lines 208--239
\TU/lmr/m/n/10 ecosystems and communities. Yet many of these forests are alread
y degraded or at 
 []


Underfull \hbox (badness 10000) in paragraph at lines 208--239
\TU/lmr/m/n/10 risk, underscoring the vulnerability of these systems. Headwater
 systems are espe- 
 []


Underfull \hbox (badness 10000) in paragraph at lines 208--239
\TU/lmr/m/n/10 cially sensitive to drought and climate change, which alter stre
am water balance, 
 []


Underfull \hbox (badness 10000) in paragraph at lines 208--239
\TU/lmr/m/n/10 chemistry, and ecological function. As droughts intensify, strea
ms increasingly rely 
 []


Underfull \hbox (badness 10000) in paragraph at lines 208--239
\TU/lmr/m/n/10 on groundwater to maintain flow, especially during low-flow peri
ods when base flow 
 []


Underfull \hbox (badness 10000) in paragraph at lines 208--239
\TU/lmr/m/n/10 can become the primary source of discharge. This dependence is e
xpected to grow 
 []


Underfull \hbox (badness 10000) in paragraph at lines 208--239
\TU/lmr/m/n/10 under future climate scenarios. Understanding long-term trends i
n base flow and 
 []


Underfull \hbox (badness 10000) in paragraph at lines 208--239
\TU/lmr/m/n/10 its drivers is essential for anticipating climate impacts and gu
iding restoration and 
 []


Underfull \hbox (badness 10000) in paragraph at lines 208--239
\TU/lmr/m/n/10 protection efforts. This study addresses these challenges by ana
lyzing 75 years of 
 []


Underfull \hbox (badness 10000) in paragraph at lines 208--239
\TU/lmr/m/n/10 streamflow records to quantify historical patterns and trends in
 base flow across 
 []


Underfull \hbox (badness 10000) in paragraph at lines 208--239
\TU/lmr/m/n/10 western U.S. headwaters. Using base-flow separation techniques, 
the Mann-Kendall 
 []


Underfull \hbox (badness 10000) in paragraph at lines 208--239
\TU/lmr/m/n/10 trend test, and the Theil-Sen estimator, we identify regional sh
ifts in base-flow 
 []


Underfull \hbox (badness 10000) in paragraph at lines 208--239
\TU/lmr/m/n/10 magnitude, timing, and variability, and link these patterns to k
ey climatic drivers 
 []


Underfull \hbox (badness 10000) in paragraph at lines 208--239
\TU/lmr/m/n/10 such as precipitation and temperature. Regional climate projecti
ons (SSP2-4.5 and 
 []


Underfull \hbox (badness 10000) in paragraph at lines 208--239
\TU/lmr/m/n/10 SSP5-8.5) are used to estimate future base-flow responses under 
low- and high- 
 []


Underfull \hbox (badness 10000) in paragraph at lines 208--239
\TU/lmr/m/n/10 emission scenarios. Our results will provide critical insight in
to the past and future 
 []


Underfull \hbox (badness 10000) in paragraph at lines 208--239
\TU/lmr/m/n/10 of groundwater-supported flows in sensitive headwater systems. B
y bridging the gap 
 []


Underfull \hbox (badness 10000) in paragraph at lines 208--239
\TU/lmr/m/n/10 between regional-scale hydrologic projections and fine-scale hea
dwater dynamics, this 
 []


Underfull \hbox (badness 10000) in paragraph at lines 208--239
\TU/lmr/m/n/10 work aids efforts to monitor and manage headwater systems for lo
ng-term ecosystem 
 []


Underfull \hbox (badness 10000) in paragraph at lines 250--254
[]\TU/lmr/m/n/10 Headwater catchments provide a disproportionate share of strea
mflow in the western 
 []


Underfull \hbox (badness 10000) in paragraph at lines 250--254
\TU/lmr/m/n/10 U.S. Base flow sustains perennial flow and ecosystems, especiall
y during drought. 
 []


Underfull \hbox (badness 10000) in paragraph at lines 258--261
[]\TU/lmr/m/n/10 Base flow responds to changes in precipitation, temperature, a
nd snowpack. Antici- 
 []


Underfull \hbox (badness 10000) in paragraph at lines 264--266
[]\TU/lmr/m/n/10 Limited understanding of base flow seasonality and future resp
onse across temporal 
 []


Underfull \hbox (badness 10000) in paragraph at lines 269--271
[]\TU/lmr/m/n/10 Combine trend analysis, climate sensitivity assessment, and ma
chine learning projec- 
 []


Underfull \hbox (badness 10000) in paragraph at lines 278--281
[]\TU/lmr/m/n/10 Quantify seasonal and long-term changes in base flow across we
stern headwa- 
 []


Underfull \hbox (badness 10000) in paragraph at lines 283--285
[]\TU/lmr/m/n/10 Project future base-flow trajectories using LSTM models under 
climate change 
 []


Underfull \hbox (badness 10000) in paragraph at lines 291--305
[]\TU/lmr/m/n/10 Daily mean discharge data were obtained for 115 U.S. Geologica
l Survey (USGS) 
 []


Underfull \hbox (badness 10000) in paragraph at lines 291--305
\TU/lmr/m/n/10 streamgages located across the eleven western United States (FIG
 - STUDY AREA). 
 []


Underfull \hbox (badness 10000) in paragraph at lines 291--305
\TU/lmr/m/n/10 Streamflow records were downloaded from the USGS National Water 
Information 
 []


Underfull \hbox (badness 10000) in paragraph at lines 291--305
\TU/lmr/m/n/10 System for the period 1950–2024 (CITE). Sites were selected to h
ave > 90% daily 
 []


Underfull \hbox (badness 10000) in paragraph at lines 291--305
\TU/lmr/m/n/10 data completeness, with no gaps exceeding three consecutive year
s, and to have 
 []


Underfull \hbox (badness 10000) in paragraph at lines 291--305
\TU/lmr/m/n/10 catchments located entirely within U.S. borders to avoid data re
strictions. Sites with 
 []


Underfull \hbox (badness 10000) in paragraph at lines 291--305
\TU/lmr/m/n/10 a dam on the main stem, as reported in the National Inventory of
 Dams (CITE), 
 []


Underfull \hbox (badness 10000) in paragraph at lines 291--305
\TU/lmr/m/n/10 were excluded to reduce the influence of direct flow regulation.
 Drainage areas 
 []


Underfull \hbox (badness 10000) in paragraph at lines 291--305
\TU/lmr/m/n/10 ranged from 4 to 21,167 km², with a mean of 1,524 km² and a medi
an of 558 km². 
 []


Underfull \hbox (badness 10000) in paragraph at lines 291--305
\TU/lmr/m/n/10 This period of record provides sufficient length to detect long-
term trends and hydro- 
 []


Underfull \hbox (badness 10000) in paragraph at lines 291--305
\TU/lmr/m/n/10 logic regime shifts and encompasses three phases of the Pacific 
Decadal Oscillation 
 []


Underfull \hbox (badness 10000) in paragraph at lines 291--305
\TU/lmr/m/n/10 (CITE), reducing the likelihood that results are biased by decad
al climate variabil- 
 []

[2]
Underfull \hbox (badness 10000) in paragraph at lines 308--319
[]\TU/lmr/m/n/10 Headwaters have been operational defined as streams with Strah
ler stream order 
 []


Underfull \hbox (badness 10000) in paragraph at lines 308--319
\TU/lmr/m/n/10 1 or 2 (CITE - Golden 2025, Freeman et al. 2007, Imberger et al.
 2023). Large- 
 []


Underfull \hbox (badness 10000) in paragraph at lines 308--319
\TU/lmr/m/n/10 scale stream network datasets may underestimate the extent of lo
calized headwater 
 []


Underfull \hbox (badness 10000) in paragraph at lines 308--319
\TU/lmr/m/n/10 reaches (Brinkerhof 2024), indicating that these delineated head
water streams likely 
 []


Underfull \hbox (badness 10000) in paragraph at lines 308--319
\TU/lmr/m/n/10 represent a minimum bound on actual headwater extent. In this an
alysis, stream- 
 []


Underfull \hbox (badness 10000) in paragraph at lines 308--319
\TU/lmr/m/n/10 gages located on streams of order 1 to 3 were included to captur
e cumulative pro- 
 []


Underfull \hbox (badness 10000) in paragraph at lines 308--319
\TU/lmr/m/n/10 cesses in headwater systems. By focusing on headwater systems, w
e overcome issues 
 []


Underfull \hbox (badness 10000) in paragraph at lines 308--319
\TU/lmr/m/n/10 of scale that arise from the coarse resolution of national and g
lobal models and from 
 []


Underfull \hbox (badness 10000) in paragraph at lines 308--319
\TU/lmr/m/n/10 the limited availability of catchments with adequate monitoring 
for both streamflow 
 []


Underfull \hbox (badness 10000) in paragraph at lines 320--334
[]\TU/lmr/m/n/10 Basin boundaries were delineated using the National Linked Dat
a Index (CITE). 
 []


Underfull \hbox (badness 10000) in paragraph at lines 320--334
\TU/lmr/m/n/10 Across the western United States, headwater streams, as defined 
above, constitute 
 []


Underfull \hbox (badness 10000) in paragraph at lines 320--334
\TU/lmr/m/n/10 88.15% of total river length. To assess the representativeness o
f study sites, their 
 []


Underfull \hbox (badness 10000) in paragraph at lines 320--334
\TU/lmr/m/n/10 distribution was compared to the full headwater network across t
he western United 
 []


Underfull \hbox (badness 10000) in paragraph at lines 320--334
\TU/lmr/m/n/10 States using Köppen climate classifications and the U.S. Forest 
Service Watershed 
 []


Underfull \hbox (badness 10000) in paragraph at lines 320--334
\TU/lmr/m/n/10 Condition Framework. All seven major (two-letter) Köppen climate
 classes present 
 []


Underfull \hbox (badness 10000) in paragraph at lines 320--334
\TU/lmr/m/n/10 in the region are represented in the study dataset. Approximatel
y 90 percent of 
 []


Underfull \hbox (badness 10000) in paragraph at lines 320--334
\TU/lmr/m/n/10 study basins contained U.S. Forest Service lands, consistent wit
h findings that most 
 []


Underfull \hbox (badness 10000) in paragraph at lines 320--334
\TU/lmr/m/n/10 western water originates in forested areas (CITE). Across the re
gion, 49.1 percent 
 []


Underfull \hbox (badness 10000) in paragraph at lines 320--334
\TU/lmr/m/n/10 of forested headwater catchments are considered at risk, defined
 as Functioning at 
 []


Underfull \hbox (badness 10000) in paragraph at lines 320--334
\TU/lmr/m/n/10 Risk or Impaired Function, the study basins represent this well 
with 48.5 percent of 
 []


Underfull \hbox (badness 10000) in paragraph at lines 335--356
[]\TU/lmr/m/n/10 Climate data were obtained from the Western United States Dyna
mically Down- 
 []


Underfull \hbox (badness 10000) in paragraph at lines 335--356
\TU/lmr/m/n/10 scaled Dataset (WUS-D3) (CITE), a dynamically downscaled product
 specifically 
 []


Underfull \hbox (badness 10000) in paragraph at lines 335--356
\TU/lmr/m/n/10 developed for climate applications in the western United States.
 WUS-D3 uses the 
 []


Underfull \hbox (badness 10000) in paragraph at lines 335--356
\TU/lmr/m/n/10 Community Earth System Model v2 (CESM2) global climate model, do
wnscaled 
 []


Underfull \hbox (badness 10000) in paragraph at lines 335--356
\TU/lmr/m/n/10 with the Weather Research and Forecasting (WRF) model to a spati
al resolution 
 []


Underfull \hbox (badness 10000) in paragraph at lines 335--356
\TU/lmr/m/n/10 of approximately 9 km (CITE). CESM2 was selected because it is t
he only GCM 
 []


Underfull \hbox (badness 10000) in paragraph at lines 335--356
\TU/lmr/m/n/10 within the WUS-D3 archive that provides simulations for both the
 SSP2-4.5 and 
 []


Underfull \hbox (badness 10000) in paragraph at lines 335--356
\TU/lmr/m/n/10 SSP5-8.5 scenarios, allowing direct comparison of both moderate-
 and high-emissions 
 []


Underfull \hbox (badness 10000) in paragraph at lines 335--356
\TU/lmr/m/n/10 futures within the modeling framework. The dataset includes a hi
storical period 
 []


Underfull \hbox (badness 10000) in paragraph at lines 335--356
\TU/lmr/m/n/10 from 1980 to 2014 and extends through 2099 for future projection
s. Variables used 
 []


Underfull \hbox (badness 10000) in paragraph at lines 335--356
\TU/lmr/m/n/10 in this study included daily precipitation, daily mean temperatu
re, daily minimum 
 []


Underfull \hbox (badness 10000) in paragraph at lines 335--356
\TU/lmr/m/n/10 temperature, and daily maximum temperature. Snow precipitation w
as calculated 
 []


Underfull \hbox (badness 10000) in paragraph at lines 335--356
\TU/lmr/m/n/10 by summing daily precipitation on days when maximum temperature 
was below 
 []


Underfull \hbox (badness 10000) in paragraph at lines 335--356
\TU/lmr/m/n/10 0 °C. Antecedent moisture was calculated as the cumulative preci
pitation over the 
 []


Underfull \hbox (badness 10000) in paragraph at lines 335--356
\TU/lmr/m/n/10 previous three months, following the approach of Ayers et al. (2
022), and serves as a 
 []


Underfull \hbox (badness 10000) in paragraph at lines 335--356
\TU/lmr/m/n/10 proxy for short-term water storage within the basin. Monthly, ar
ea-weighted climate 
 []


Underfull \hbox (badness 10000) in paragraph at lines 335--356
\TU/lmr/m/n/10 summaries were calculated for each basin to align with the tempo
ral resolution of 
 []


Underfull \hbox (badness 10000) in paragraph at lines 359--372
[]\TU/lmr/m/n/10 Directly estimating base flow from streamflow records presents
 unique challenges 
 []


Underfull \hbox (badness 10000) in paragraph at lines 359--372
\TU/lmr/m/n/10 because it cannot be measured directly at the gauge and must be 
inferred from the 
 []


Underfull \hbox (badness 10000) in paragraph at lines 359--372
\TU/lmr/m/n/10 total hydrograph (Eckhardt, 2008). Numerous approaches have been
 developed for 
 []


Underfull \hbox (badness 10000) in paragraph at lines 359--372
\TU/lmr/m/n/10 separating base flow from total streamflow, including tracer stu
dies (Gonzales et al., 
 []


Underfull \hbox (badness 10000) in paragraph at lines 359--372
\TU/lmr/m/n/10 2009), graphical interpolation methods (Hydrology, 1980; Sloto e
t al., 1996), and 
 []


Underfull \hbox (badness 10000) in paragraph at lines 359--372
\TU/lmr/m/n/10 digital filtering techniques (Arnold et al., 1995; Eckhardt, 200
5; Nathan et al., 1990). 
 []


Underfull \hbox (badness 10000) in paragraph at lines 359--372
\TU/lmr/m/n/10 The suitability of these approaches depends on factors such as s
patial scale, record 
 []


Underfull \hbox (badness 10000) in paragraph at lines 359--372
\TU/lmr/m/n/10 length, and study objectives. While the choice of method and par
ameterization can 
 []


Underfull \hbox (badness 10000) in paragraph at lines 359--372
\TU/lmr/m/n/10 introduce some subjectivity, prior work has shown that digital f
ilters can provide 
 []


Underfull \hbox (badness 10000) in paragraph at lines 359--372
\TU/lmr/m/n/10 reliable and repeatable estimates when applied consistently with
in a study domain 
 []


Underfull \vbox (badness 2221) has occurred while \output is active []

[3]
Underfull \hbox (badness 10000) in paragraph at lines 373--375
[]\TU/lmr/m/n/10 In this study we used the Eckhardt (2005) digital filter to es
timate base flow from 
 []


Underfull \hbox (badness 10000) in paragraph at lines 380--393
[]\TU/lmr/m/n/10 where $[][]$ is the filtered base-flow response at time step $
[]$, $[][]$ is the observed stream- 
 []


Underfull \hbox (badness 10000) in paragraph at lines 380--393
\TU/lmr/m/n/10 flow at time step $[]$, $[][]$ is the base-flow response at the 
previous time step, $[]$ is 
 []


Underfull \hbox (badness 10000) in paragraph at lines 380--393
\TU/lmr/m/n/10 the recession constant, and $[][][][]$ is the maximum possible b
ase-flow index for 
 []


Underfull \hbox (badness 10000) in paragraph at lines 380--393
\TU/lmr/m/n/10 the catchment. The recession constant $[]$ was estimated for eac
h site through hydro- 
 []


Underfull \hbox (badness 10000) in paragraph at lines 380--393
\TU/lmr/m/n/10 graph recession analysis. $[][][][]$ was determined for each sit
e using the backwards 
 []


Underfull \hbox (badness 10000) in paragraph at lines 380--393
\TU/lmr/m/n/10 filter method proposed by Colischonn and Fann (2013), which allo
ws $[][][][]$ to 
 []


Underfull \hbox (badness 10000) in paragraph at lines 380--393
\TU/lmr/m/n/10 be estimated from $[]$ without requiring site-specific hydrogeol
ogic field data. The 
 []


Underfull \hbox (badness 10000) in paragraph at lines 380--393
\TU/lmr/m/n/10 Eckhardt filter was selected because it has shown strong perform
ance in diverse hy- 
 []


Underfull \hbox (badness 10000) in paragraph at lines 380--393
\TU/lmr/m/n/10 drologic settings across the contiguous United States and has be
en recommended as 
 []


Underfull \hbox (badness 10000) in paragraph at lines 396--415
[]\TU/lmr/m/n/10 To classify study basins into groups with similar hydroclimati
c regimes, we applied 
 []


Underfull \hbox (badness 10000) in paragraph at lines 396--415
\TU/lmr/m/n/10 k-means clustering to basin-averaged climate and hydrologic vari
ables. Clustering 
 []


Underfull \hbox (badness 10000) in paragraph at lines 396--415
\TU/lmr/m/n/10 was conducted on long-term mean values of base flow magnitude an
d variability, 
 []


Underfull \hbox (badness 10000) in paragraph at lines 396--415
\TU/lmr/m/n/10 precipitation, snow-derived precipitation, mean temperature, ant
ecedent wetness, 
 []


Underfull \hbox (badness 10000) in paragraph at lines 396--415
\TU/lmr/m/n/10 and static physiographic attributes including drainage area, rel
ief, and elevation. 
 []


Underfull \hbox (badness 10000) in paragraph at lines 396--415
\TU/lmr/m/n/10 Variables were standardized (z-scores) prior to clustering to en
sure equal weighting 
 []


Underfull \hbox (badness 10000) in paragraph at lines 396--415
\TU/lmr/m/n/10 across metrics with different units and magnitudes. The optimal 
number of clusters 
 []


Underfull \hbox (badness 10000) in paragraph at lines 396--415
\TU/lmr/m/n/10 was selected based on a combination of the elbow method and inte
rpretability of 
 []


Underfull \hbox (badness 10000) in paragraph at lines 396--415
\TU/lmr/m/n/10 known hydrologic regimes in the western United States. K-means w
as chosen be- 
 []


Underfull \hbox (badness 10000) in paragraph at lines 396--415
\TU/lmr/m/n/10 cause it provides a transparent, reproducible, and computational
ly efficient method 
 []


Underfull \hbox (badness 10000) in paragraph at lines 396--415
\TU/lmr/m/n/10 for partitioning basins into internally cohesive and externally 
distinct groups. This 
 []


Underfull \hbox (badness 10000) in paragraph at lines 396--415
\TU/lmr/m/n/10 approach is well suited for large-sample hydrology applications 
where hydroclimatic 
 []


Underfull \hbox (badness 10000) in paragraph at lines 396--415
\TU/lmr/m/n/10 gradients are continuous rather than categorical (CITE). The res
ulting clusters were 
 []


Underfull \hbox (badness 10000) in paragraph at lines 396--415
\TU/lmr/m/n/10 used to stratify subsequent statistical and machine learning ana
lyses, allowing for 
 []


Underfull \hbox (badness 10000) in paragraph at lines 396--415
\TU/lmr/m/n/10 the identification of climate–base flow relationships and projec
ted changes within 
 []


Underfull \hbox (badness 10000) in paragraph at lines 418--429
[]\TU/lmr/m/n/10 We used the Mann-Kendall (MK) trend test to determine the pres
ence of trends in 
 []


Underfull \hbox (badness 10000) in paragraph at lines 418--429
\TU/lmr/m/n/10 the base-flow data at a monthly time-step (CITE). The MK test is
 a nonparametric 
 []


Underfull \hbox (badness 10000) in paragraph at lines 418--429
\TU/lmr/m/n/10 test that detects monotonic trends in non-normally distributed d
ata. The MK test is 
 []


Underfull \hbox (badness 10000) in paragraph at lines 418--429
\TU/lmr/m/n/10 widely used in hydrologic studies (CITE), and was used here to e
stablish statistically 
 []


Underfull \hbox (badness 10000) in paragraph at lines 418--429
\TU/lmr/m/n/10 significant trends ($[]$ < 0.05). Autocorrelation was present in
 many of the streamflow 
 []


Underfull \hbox (badness 10000) in paragraph at lines 418--429
\TU/lmr/m/n/10 records used here, as such we employed the modified MK test prop
osed by Hamed 
 []


Underfull \hbox (badness 10000) in paragraph at lines 418--429
\TU/lmr/m/n/10 and Rao (1998). The trend magnitude was estimated using the Thie
l-Sen slope, a 
 []


Underfull \hbox (badness 10000) in paragraph at lines 418--429
\TU/lmr/m/n/10 non-parametric technique widely used in hydrologic studies (CITE
). All calculations 
 []

[4]
Underfull \hbox (badness 10000) in paragraph at lines 430--447
[]\TU/lmr/m/n/10 We used a linear mixed-effects modeling framework to quantify 
relationships be- 
 []


Underfull \hbox (badness 10000) in paragraph at lines 430--447
\TU/lmr/m/n/10 tween monthly baseflow and climate variables. while accounting f
or the hierarchical 
 []


Underfull \hbox (badness 10000) in paragraph at lines 430--447
\TU/lmr/m/n/10 structure of the data, where repeated observations are nested wi
thin individual 
 []


Underfull \hbox (badness 10000) in paragraph at lines 430--447
\TU/lmr/m/n/10 basins. All models were fit using log-transformed monthly base f
low as the response 
 []


Underfull \hbox (badness 10000) in paragraph at lines 430--447
\TU/lmr/m/n/10 variable to reduce skewness, stabilize variance, and improve mod
el performance. 
 []


Underfull \hbox (badness 10000) in paragraph at lines 430--447
\TU/lmr/m/n/10 This approach was selected because it accommodates both fixed ef
fects, representing 
 []


Underfull \hbox (badness 10000) in paragraph at lines 430--447
\TU/lmr/m/n/10 regional-scale climate drivers, and random effects, capturing si
te-specific variability 
 []


Underfull \hbox (badness 10000) in paragraph at lines 430--447
\TU/lmr/m/n/10 that is not explained by the fixed predictors. To address strong
 multicollinearity 
 []


Underfull \hbox (badness 10000) in paragraph at lines 430--447
\TU/lmr/m/n/10 among the temperature variables (mean, minimum, and maximum dail
y tempera- 
 []


Underfull \hbox (badness 10000) in paragraph at lines 430--447
\TU/lmr/m/n/10 ture), we retained only mean temperature (t2) in the mixed-effec
ts model to ensure 
 []


Underfull \hbox (badness 10000) in paragraph at lines 430--447
\TU/lmr/m/n/10 interpretability of parameter estimates. This constraint was app
lied only in the 
 []


Underfull \hbox (badness 10000) in paragraph at lines 430--447
\TU/lmr/m/n/10 mixed-effects framework; the LSTM modeling framework retained al
l three temper- 
 []


Underfull \hbox (badness 10000) in paragraph at lines 430--447
\TU/lmr/m/n/10 ature variables, as deep learning approaches do not require inde
pendence among 
 []


Underfull \hbox (badness 10000) in paragraph at lines 453--458
[]\TU/lmr/m/n/10 This model is designed to predict monthly stream base flow usi
ng both climate 
 []


Underfull \hbox (badness 10000) in paragraph at lines 453--458
\TU/lmr/m/n/10 history and watershed characteristics. It combines two types of 
input data: (1) a 
 []


Underfull \hbox (badness 10000) in paragraph at lines 453--458
\TU/lmr/m/n/10 sequence of monthly climate variables over the past two years, a
nd (2) static basin 
 []


Underfull \hbox (badness 10000) in paragraph at lines 459--469
[]\TU/lmr/m/n/10 The climate sequence is passed through a Long Short-Term Memor
y (LSTM) layer, 
 []


Underfull \hbox (badness 10000) in paragraph at lines 459--469
\TU/lmr/m/n/10 which learns patterns and memory from time series data. The outp
ut of this LSTM 
 []


Underfull \hbox (badness 10000) in paragraph at lines 459--469
\TU/lmr/m/n/10 is combined with the static features and passed through two full
y connected layers 
 []


Underfull \hbox (badness 10000) in paragraph at lines 459--469
\TU/lmr/m/n/10 (also called dense layers) (CITE). Dropout layers are included t
o reduce overfitting. 
 []


Underfull \hbox (badness 10000) in paragraph at lines 459--469
\TU/lmr/m/n/10 The final output is a single number: the predicted log-transform
ed base flow. The 
 []


Underfull \hbox (badness 10000) in paragraph at lines 459--469
\TU/lmr/m/n/10 model is trained to minimize the difference between its predicti
ons and observed 
 []


Underfull \hbox (badness 10000) in paragraph at lines 459--469
\TU/lmr/m/n/10 log(base flow), using a loss function based on mean absolute err
or (MAE). This hy- 
 []


Underfull \hbox (badness 10000) in paragraph at lines 459--469
\TU/lmr/m/n/10 brid architecture allows the model to learn both temporal patter
ns and site-specific 
 []


LaTeX Warning: Reference `tbl-cluster-summary' on page 5 undefined on input lin
e 489.


LaTeX Warning: Reference `fig-cluster-map' on page 5 undefined on input line 49
1.


Underfull \hbox (badness 10000) in paragraph at lines 477--492
[]\TU/lmr/m/n/10 The k-means clustering identified four distinct hydroclimatic 
groups among the 115 
 []


Underfull \hbox (badness 10000) in paragraph at lines 477--492
\TU/lmr/m/n/10 study basins, reflecting differences in elevation, relief, basin
 size, climate regime, and 
 []


Underfull \hbox (badness 10000) in paragraph at lines 477--492
\TU/lmr/m/n/10 base-flow response characteristics. These clusters capture key g
radients in snow in- 
 []


Underfull \hbox (badness 10000) in paragraph at lines 477--492
\TU/lmr/m/n/10 fluence, seasonal precipitation patterns, and base-flow variabil
ity across the western 
 []


Underfull \hbox (badness 10000) in paragraph at lines 477--492
\TU/lmr/m/n/10 United States. Two clusters (1 and 3) are primarily high-elevati
on, snow-influenced 
 []


Underfull \hbox (badness 10000) in paragraph at lines 477--492
\TU/lmr/m/n/10 headwaters but differ in their sensitivity to temperature and sn
owpack persistence. 
 []


Underfull \hbox (badness 10000) in paragraph at lines 477--492
\TU/lmr/m/n/10 Cluster 2 contains the largest, mixed-regime basins with relativ
ely stable base flow 
 []


Underfull \hbox (badness 10000) in paragraph at lines 477--492
\TU/lmr/m/n/10 and Cluster 4 represents low-elevation, arid to monsoon-influenc
ed basins with the 
 []


Underfull \hbox (badness 10000) in paragraph at lines 477--492
\TU/lmr/m/n/10 lowest base flow and highest interannual variability. Descriptiv
e statistics for each 
 []


Underfull \hbox (badness 10000) in paragraph at lines 477--492
\TU/lmr/m/n/10 cluster, including key climate, physiographic, and base-flow met
rics, are provided in 
 []


Underfull \hbox (badness 10000) in paragraph at lines 477--492
\TU/lmr/m/n/10 Table [], and the spatial distribution of clusters across the st
udy area is shown in 
 []

File: figs/cluster_map.png Graphic file (type bmp)
<figs/cluster_map.png>

Underfull \hbox (badness 10000) in paragraph at lines 505--505
[]\TU/lmr/m/n/10 Figure  1: |[][]Spatial distribution of study streamgages acro
ss the western United States,
 []


Underfull \hbox (badness 10000) in paragraph at lines 505--505
\TU/lmr/m/n/10 colored by hydroclimatic cluster. Clusters reflect differences i
n elevation, snow influence,
 []


Underfull \hbox (badness 10000) in paragraph at lines 505--505
\TU/lmr/m/n/10 base-flow magnitude, and seasonality. Basins were grouped using 
k-means clustering on
 []


Underfull \hbox (badness 10000) in paragraph at lines 522--522
[]\TU/lmr/m/n/10 Table 1: |Summary of physical, climatic, and base-flow charact
eristics for each hydrocli-
 []


Underfull \hbox (badness 10000) in paragraph at lines 522--522
\TU/lmr/m/n/10 matic cluster. Values represent mean conditions for basins withi
n each cluster; base flow
 []

[5]
Underfull \hbox (badness 10000) in paragraph at lines 575--582
[]\TU/lmr/m/n/10 Cluster 1 (Snowmelt-Dominated Mountain Catchments) occupies st
eep, high-relief 
 []


Underfull \hbox (badness 10000) in paragraph at lines 575--582
\TU/lmr/m/n/10 mountain terrain where winter precipitation is primarily stored 
as snowpack and re- 
 []


Underfull \hbox (badness 10000) in paragraph at lines 575--582
\TU/lmr/m/n/10 leased during a concentrated late-spring melt period. These basi
ns are located across 
 []


Underfull \hbox (badness 10000) in paragraph at lines 575--582
\TU/lmr/m/n/10 the study area in high-elevation mountains. Base flow peaks in J
une, approximately 
 []


Underfull \hbox (badness 10000) in paragraph at lines 575--582
\TU/lmr/m/n/10 six months after the precipitation maximum, and inter-annual var
iability is high due 
 []


Underfull \hbox (badness 10000) in paragraph at lines 583--591
[]\TU/lmr/m/n/10 Cluster 2 (Mixed-Regime Large Catchments) represents moderate-
elevation, high- 
 []


Underfull \hbox (badness 10000) in paragraph at lines 583--591
\TU/lmr/m/n/10 relief basins with the largest drainage areas in the dataset. Mo
st of these basins are 
 []


Underfull \hbox (badness 10000) in paragraph at lines 583--591
\TU/lmr/m/n/10 found along the Cascade Range in the north west of the study are
a along CA, OR, 
 []


Underfull \hbox (badness 10000) in paragraph at lines 583--591
\TU/lmr/m/n/10 and WA. Base flow peaks earlier, in May, about five months after
 the precipitation 
 []


Underfull \hbox (badness 10000) in paragraph at lines 583--591
\TU/lmr/m/n/10 maximum. Snowmelt remains important, but basin size and integrat
ed flow paths 
 []


Underfull \hbox (badness 10000) in paragraph at lines 583--591
\TU/lmr/m/n/10 buffer short-term variability, resulting in lower inter-annual v
ariability during peak 
 []

[6]
Underfull \hbox (badness 10000) in paragraph at lines 592--599
[]\TU/lmr/m/n/10 Cluster 3 (Snow-Responsive Headwaters) also peaks in June but 
differs from Cluster 
 []


Underfull \hbox (badness 10000) in paragraph at lines 592--599
\TU/lmr/m/n/10 1 in showing a stronger positive association between temperature
 and base flow, con- 
 []


Underfull \hbox (badness 10000) in paragraph at lines 592--599
\TU/lmr/m/n/10 sistent with more immediate snowmelt responses during warm perio
ds. These basins 
 []


Underfull \hbox (badness 10000) in paragraph at lines 592--599
\TU/lmr/m/n/10 are found throughout the Intermountain West where they may exper
ience earlier 
 []


Underfull \hbox (badness 10000) in paragraph at lines 592--599
\TU/lmr/m/n/10 onset of melt or mid-winter melt events, leading to sustained ba
se flow through early 
 []


Underfull \hbox (badness 10000) in paragraph at lines 600--607
[]\TU/lmr/m/n/10 Cluster 4 (Arid/Monsoon or Ephemeral Basins) occurs at the low
est elevations with 
 []


Underfull \hbox (badness 10000) in paragraph at lines 600--607
\TU/lmr/m/n/10 minimal snow influence. Base flow peaks in March, only about thr
ee months after 
 []


Underfull \hbox (badness 10000) in paragraph at lines 600--607
\TU/lmr/m/n/10 the precipitation maximum, reflecting rapid winter-to-spring run
off and limited stor- 
 []


Underfull \hbox (badness 10000) in paragraph at lines 600--607
\TU/lmr/m/n/10 age. These basins are mostly located along the Pacific coast. Fl
ows recede quickly, 
 []


Underfull \hbox (badness 10000) in paragraph at lines 600--607
\TU/lmr/m/n/10 and summer base flow is minimal due to high evapotranspiration a
nd low infiltration 
 []


LaTeX Warning: Reference `fig-bf-precip-contrib' on page 7 undefined on input l
ine 610.


Underfull \hbox (badness 10000) in paragraph at lines 608--617
[]\TU/lmr/m/n/10 Across all clusters, precipitation peaks in December, contribu
ting roughly 15–18% 
 []


Underfull \hbox (badness 10000) in paragraph at lines 608--617
\TU/lmr/m/n/10 of the annual total, and remains elevated through February (Figu
re []). Snowmelt- 
 []


Underfull \hbox (badness 10000) in paragraph at lines 608--617
\TU/lmr/m/n/10 dominated clusters (1 and 3) exhibit the largest variability in 
late-spring base flow, 
 []


Underfull \hbox (badness 10000) in paragraph at lines 608--617
\TU/lmr/m/n/10 whereas Cluster 4 shows the strongest temperature-driven suppres
sion of base flow 
 []


Underfull \hbox (badness 10000) in paragraph at lines 608--617
\TU/lmr/m/n/10 in the dry season. These distinct seasonal signatures and sensit
ivities highlight the 
 []


Underfull \hbox (badness 10000) in paragraph at lines 608--617
\TU/lmr/m/n/10 potential for divergent base-flow responses to future climate ch
ange across hydrocli- 
 []

File: figs/cluster-bf_precip_contrib_legends.png Graphic file (type bmp)
<figs/cluster-bf_precip_contrib_legends.png>

Underfull \hbox (badness 10000) in paragraph at lines 630--630
[]\TU/lmr/m/n/10 Figure  2: |[]Monthly distribution of baseflow and precipitati
on as a percentage of the an-
 []


Underfull \hbox (badness 10000) in paragraph at lines 630--630
\TU/lmr/m/n/10 nual total, stratified by hydroclimatic cluster. Baseflow boxes 
are colored by cluster (Clus-
 []


Underfull \hbox (badness 10000) in paragraph at lines 630--630
\TU/lmr/m/n/10 ter 1: green, Cluster 2: red, Cluster 3: yellow, Cluster 4: blue
), while precipitation is
 []

[7]

LaTeX Warning: Reference `tbl-mixed-effect_all-site' on page 8 undefined on inp
ut line 641.


Underfull \hbox (badness 10000) in paragraph at lines 640--653
[]\TU/lmr/m/n/10 When the mixed-effects model was analyzed across all sites Tab
le [], it revealed 
 []


Underfull \hbox (badness 10000) in paragraph at lines 640--653
\TU/lmr/m/n/10 that antecedent wetness was the most consistently positive and i
nfluential driver 
 []


Underfull \hbox (badness 10000) in paragraph at lines 640--653
\TU/lmr/m/n/10 of base flow across the study region. This supports the role of 
cumulative recharge 
 []


Underfull \hbox (badness 10000) in paragraph at lines 640--653
\TU/lmr/m/n/10 and basin memory in sustaining flows, particularly during dry-se
ason months. In 
 []


Underfull \hbox (badness 10000) in paragraph at lines 640--653
\TU/lmr/m/n/10 contrast, snow precipitation had a strong negative contemporaneo
us effect in all clus- 
 []


Underfull \hbox (badness 10000) in paragraph at lines 640--653
\TU/lmr/m/n/10 ters, consistent with winter accumulation storing water in the s
nowpack and delay- 
 []


Underfull \hbox (badness 10000) in paragraph at lines 640--653
\TU/lmr/m/n/10 ing its release to streams. Mean temperature showed an overall n
egative association 
 []


Underfull \hbox (badness 10000) in paragraph at lines 640--653
\TU/lmr/m/n/10 with base flow, suggesting that warmer conditions correspond to 
seasonal drying, 
 []


Underfull \hbox (badness 10000) in paragraph at lines 640--653
\TU/lmr/m/n/10 likely through enhanced evapotranspiration or reduced soil moist
ure. Monthly pre- 
 []


Underfull \hbox (badness 10000) in paragraph at lines 640--653
\TU/lmr/m/n/10 cipitation had a generally weak to negative effect, with the str
ongest suppression in 
 []


Underfull \hbox (badness 10000) in paragraph at lines 666--666
[]\TU/lmr/m/n/10 Table 2: |Mixed-effects model results for climate and static p
redictors of monthly base flow
 []


Underfull \hbox (badness 10000) in paragraph at lines 666--666
\TU/lmr/m/n/10 across all study basins. Estimates represent fixed effects on lo
g-transformed base flow,
 []


Underfull \hbox (badness 10000) in paragraph at lines 666--666
\TU/lmr/m/n/10 with positive coefficients indicating a positive association and
 negative coefficients indicat-
 []


Underfull \hbox (badness 10000) in paragraph at lines 666--666
\TU/lmr/m/n/10 ing a negative association. Significance codes: *** p < 0.001; *
* p < 0.01; * p < 0.05; ns
 []


LaTeX Warning: Reference `tbl-mixed-effect_cluster' on page 8 undefined on inpu
t line 707.


Underfull \hbox (badness 10000) in paragraph at lines 706--726
[]\TU/lmr/m/n/10 When the model was stratified by hydroclimatic cluster Table [
], key differences 
 []


Underfull \hbox (badness 10000) in paragraph at lines 706--726
\TU/lmr/m/n/10 in climate–base flow relationships emerged. Antecedent wetness r
emained strongly 
 []


Underfull \hbox (badness 10000) in paragraph at lines 706--726
\TU/lmr/m/n/10 positive in all groups, with the largest effect in Cluster 4, in
dicating its particular 
 []


Underfull \hbox (badness 10000) in paragraph at lines 706--726
\TU/lmr/m/n/10 importance in sustaining flows in water-limited environments. Sn
ow suppression 
 []


Underfull \hbox (badness 10000) in paragraph at lines 706--726
\TU/lmr/m/n/10 of base flow was strongest in Cluster 1, reflecting the storage-
dominated snowmelt 
 []


Underfull \hbox (badness 10000) in paragraph at lines 706--726
\TU/lmr/m/n/10 regime of steep mountain catchments. Temperature effects varied 
markedly: Clus- 
 []


Underfull \hbox (badness 10000) in paragraph at lines 706--726
\TU/lmr/m/n/10 ter 3, comprising snow-responsive headwaters, was the only group
 with a positive 
 []


Underfull \hbox (badness 10000) in paragraph at lines 706--726
\TU/lmr/m/n/10 temperature effect, consistent with warming-induced snowmelt boo
sting base flow 
 []


Underfull \hbox (badness 10000) in paragraph at lines 706--726
\TU/lmr/m/n/10 during the accumulation–melt transition period. In contrast, Clu
ster 4 exhibited a 
 []


Underfull \hbox (badness 10000) in paragraph at lines 706--726
\TU/lmr/m/n/10 strong negative temperature effect, suggesting enhanced evaporat
ive losses or soil 
 []


Underfull \hbox (badness 10000) in paragraph at lines 706--726
\TU/lmr/m/n/10 moisture depletion during warm periods. Terrain metrics were als
o important in 
 []


Underfull \hbox (badness 10000) in paragraph at lines 706--726
\TU/lmr/m/n/10 certain regimes; elevation and relief had the strongest positive
 effects in Cluster 1, 
 []


Underfull \hbox (badness 10000) in paragraph at lines 706--726
\TU/lmr/m/n/10 indicating that steep, high-relief basins enhance routing of mel
twater into groundwa- 
 []


Underfull \hbox (badness 10000) in paragraph at lines 706--726
\TU/lmr/m/n/10 ter and streams. Basin area had limited influence in most cluste
rs but was strongly 
 []


Underfull \hbox (badness 10000) in paragraph at lines 706--726
\TU/lmr/m/n/10 negative in Cluster 4, potentially reflecting inefficient runoff
 generation or storage 
 []


Underfull \hbox (badness 10000) in paragraph at lines 732--732
[]\TU/lmr/m/n/10 Table 3: |Mixed-effects model estimates for climate and static
 predictors of monthly
 []


Underfull \hbox (badness 10000) in paragraph at lines 732--732
\TU/lmr/m/n/10 base flow, stratified by hydroclimatic cluster. Estimates repres
ent fixed-effects on log-
 []


Underfull \hbox (badness 10000) in paragraph at lines 732--732
\TU/lmr/m/n/10 transformed base flow; positive values indicate a positive assoc
iation and negative values
 []

[8]

Package longtable Warning: Column widths have changed
(longtable)                in table 3 on input line 750.


Underfull \hbox (badness 10000) in paragraph at lines 752--758
[]\TU/lmr/m/n/10 Together, these results highlight that while antecedent moistu
re is a dominant con- 
 []


Underfull \hbox (badness 10000) in paragraph at lines 752--758
\TU/lmr/m/n/10 trol on base flow in all regimes, the influence of snow, tempera
ture, and terrain 
 []


Underfull \hbox (badness 10000) in paragraph at lines 752--758
\TU/lmr/m/n/10 varies systematically across hydroclimatic clusters. These disti
nctions underscore the 
 []


Underfull \hbox (badness 10000) in paragraph at lines 752--758
\TU/lmr/m/n/10 value of classification-informed modeling for understanding and 
projecting base-flow 
 []


LaTeX Warning: Reference `tbl-bf-trend_cluster' on page 9 undefined on input li
ne 764.


Underfull \hbox (badness 10000) in paragraph at lines 762--777
[]\TU/lmr/m/n/10 Across the four hydroclimatic clusters, long-term base-flow tr
ends (1950-2024) varied 
 []


Underfull \hbox (badness 10000) in paragraph at lines 762--777
\TU/lmr/m/n/10 in both magnitude and seasonal timing Table []. The largest decr
eases in these 
 []


Underfull \hbox (badness 10000) in paragraph at lines 762--777
\TU/lmr/m/n/10 groups occurred in early summer, particularly June and July, con
sistent with re- 
 []


Underfull \hbox (badness 10000) in paragraph at lines 762--777
\TU/lmr/m/n/10 duced snowmelt contributions. Modest increases were observed in 
midwinter months 
 []


Underfull \hbox (badness 10000) in paragraph at lines 762--777
\TU/lmr/m/n/10 such as January and March in Cluster 1, and April in Cluster 3, 
though these gains 
 []


Underfull \hbox (badness 10000) in paragraph at lines 762--777
\TU/lmr/m/n/10 were outweighed by summer declines. Clusters 1, 3, and 4 general
ly showed small to 
 []


Underfull \hbox (badness 10000) in paragraph at lines 762--777
\TU/lmr/m/n/10 moderate changes, with a mix of positive and negative trends. In
 contrast, Cluster 2 
 []


Underfull \hbox (badness 10000) in paragraph at lines 762--777
\TU/lmr/m/n/10 exhibited large, widespread negative trends across nearly all mo
nths, with the most 
 []


Underfull \hbox (badness 10000) in paragraph at lines 762--777
\TU/lmr/m/n/10 severe decreases in February, June, and December, and a median a
nnual decline ex- 
 []


Underfull \hbox (badness 10000) in paragraph at lines 762--777
\TU/lmr/m/n/10 ceeding 50% per decade. These pronounced decreases may reflect r
educed snowpack 
 []


Underfull \hbox (badness 10000) in paragraph at lines 762--777
\TU/lmr/m/n/10 and a shift in precipitation phase from snow to rain, increasing
 the frequency of rain- 
 []


Underfull \hbox (badness 10000) in paragraph at lines 801--801
[]\TU/lmr/m/n/10 Table 4: |Median monthly base-flow trends by hydroclimatic clu
ster for 1950–2024, ex-
 []


Underfull \hbox (badness 10000) in paragraph at lines 801--801
\TU/lmr/m/n/10 pressed as percent change per decade from Theil–Sen slope estima
tes. Positive values
 []


Underfull \hbox (badness 10000) in paragraph at lines 801--801
\TU/lmr/m/n/10 indicate increasing base flow; negative values indicate decreasi
ng base flow. “Pct. Sig. Up”
 []


Underfull \hbox (badness 10000) in paragraph at lines 801--801
\TU/lmr/m/n/10 and “Pct. Sig. Down” show the percentage of sites with statistic
ally significant (p < 0.05)
 []


Overfull \hbox (17.9572pt too wide) in paragraph at lines 804--805
 []\TU/lmr/m/n/10 Cluster 
 []


Overfull \hbox (1.8472pt too wide) in paragraph at lines 806--807
 []\TU/lmr/m/n/10 Jan 
 []


Overfull \hbox (2.1072pt too wide) in paragraph at lines 808--809
 []\TU/lmr/m/n/10 Feb 
 []


Overfull \hbox (4.2972pt too wide) in paragraph at lines 810--811
 []\TU/lmr/m/n/10 Mar 
 []


Overfull \hbox (2.80719pt too wide) in paragraph at lines 812--813
 []\TU/lmr/m/n/10 Apr 
 []


Overfull \hbox (5.2072pt too wide) in paragraph at lines 814--815
 []\TU/lmr/m/n/10 May 
 []


Overfull \hbox (2.4072pt too wide) in paragraph at lines 816--817
 []\TU/lmr/m/n/10 Jun 
 []


Overfull \hbox (3.80719pt too wide) in paragraph at lines 820--821
 []\TU/lmr/m/n/10 Aug 
 []


Overfull \hbox (1.9672pt too wide) in paragraph at lines 822--823
 []\TU/lmr/m/n/10 Sep 
 []


Overfull \hbox (2.2472pt too wide) in paragraph at lines 824--825
 []\TU/lmr/m/n/10 Oct 
 []


Overfull \hbox (3.6472pt too wide) in paragraph at lines 826--827
 []\TU/lmr/m/n/10 Nov 
 []


Overfull \hbox (2.9272pt too wide) in paragraph at lines 828--829
 []\TU/lmr/m/n/10 Dec 
 []


Overfull \hbox (18.91719pt too wide) in paragraph at lines 830--831
 []\TU/lmr/m/n/10 Median 
 []


Overfull \hbox (0.7472pt too wide) in paragraph at lines 830--831
 \TU/lmr/m/n/10 An- 
 []


Overfull \hbox (5.02719pt too wide) in paragraph at lines 830--831
 \TU/lmr/m/n/10 nual 
 []


Overfull \hbox (11.91719pt too wide) in paragraph at lines 830--831
 \TU/lmr/m/n/10 Trend 
 []


Overfull \hbox (2.3772pt too wide) in paragraph at lines 832--833
 []\TU/lmr/m/n/10 Pct. 
 []


Overfull \hbox (0.5772pt too wide) in paragraph at lines 832--833
 \TU/lmr/m/n/10 Sig. 
 []


Overfull \hbox (2.3772pt too wide) in paragraph at lines 834--835
 []\TU/lmr/m/n/10 Pct. 
 []


Overfull \hbox (0.5772pt too wide) in paragraph at lines 834--835
 \TU/lmr/m/n/10 Sig. 
 []


Overfull \hbox (11.5472pt too wide) in paragraph at lines 834--835
 \TU/lmr/m/n/10 Down 
 []


Overfull \hbox (17.9572pt too wide) in paragraph at lines 840--841
 []\TU/lmr/m/n/10 Cluster 
 []


Overfull \hbox (1.8472pt too wide) in paragraph at lines 842--843
 []\TU/lmr/m/n/10 Jan 
 []


Overfull \hbox (2.1072pt too wide) in paragraph at lines 844--845
 []\TU/lmr/m/n/10 Feb 
 []


Overfull \hbox (4.2972pt too wide) in paragraph at lines 846--847
 []\TU/lmr/m/n/10 Mar 
 []


Overfull \hbox (2.80719pt too wide) in paragraph at lines 848--849
 []\TU/lmr/m/n/10 Apr 
 []


Overfull \hbox (5.2072pt too wide) in paragraph at lines 850--851
 []\TU/lmr/m/n/10 May 
 []


Overfull \hbox (2.4072pt too wide) in paragraph at lines 852--853
 []\TU/lmr/m/n/10 Jun 
 []


Overfull \hbox (3.80719pt too wide) in paragraph at lines 856--857
 []\TU/lmr/m/n/10 Aug 
 []


Overfull \hbox (1.9672pt too wide) in paragraph at lines 858--859
 []\TU/lmr/m/n/10 Sep 
 []


Overfull \hbox (2.2472pt too wide) in paragraph at lines 860--861
 []\TU/lmr/m/n/10 Oct 
 []


Overfull \hbox (3.6472pt too wide) in paragraph at lines 862--863
 []\TU/lmr/m/n/10 Nov 
 []


Overfull \hbox (2.9272pt too wide) in paragraph at lines 864--865
 []\TU/lmr/m/n/10 Dec 
 []


Overfull \hbox (18.91719pt too wide) in paragraph at lines 866--867
 []\TU/lmr/m/n/10 Median 
 []


Overfull \hbox (0.7472pt too wide) in paragraph at lines 866--867
 \TU/lmr/m/n/10 An- 
 []


Overfull \hbox (5.02719pt too wide) in paragraph at lines 866--867
 \TU/lmr/m/n/10 nual 
 []


Overfull \hbox (11.91719pt too wide) in paragraph at lines 866--867
 \TU/lmr/m/n/10 Trend 
 []


Overfull \hbox (2.3772pt too wide) in paragraph at lines 868--869
 []\TU/lmr/m/n/10 Pct. 
 []


Overfull \hbox (0.5772pt too wide) in paragraph at lines 868--869
 \TU/lmr/m/n/10 Sig. 
 []


Overfull \hbox (2.3772pt too wide) in paragraph at lines 870--871
 []\TU/lmr/m/n/10 Pct. 
 []


Overfull \hbox (0.5772pt too wide) in paragraph at lines 870--871
 \TU/lmr/m/n/10 Sig. 
 []


Overfull \hbox (11.5472pt too wide) in paragraph at lines 870--871
 \TU/lmr/m/n/10 Down 
 []


Overfull \hbox (4.1872pt too wide) in paragraph at lines 876--876
 []|\TU/lmr/m/n/10 1.03| 
 []


Overfull \hbox (4.1872pt too wide) in paragraph at lines 876--876
 []|\TU/lmr/m/n/10 0.33| 
 []


Overfull \hbox (4.1872pt too wide) in paragraph at lines 876--876
 []|\TU/lmr/m/n/10 2.13| 
 []


Overfull \hbox (4.1872pt too wide) in paragraph at lines 876--876
 []|\TU/lmr/m/n/10 1.67| 
 []


Overfull \hbox (4.1872pt too wide) in paragraph at lines 876--876
 []|\TU/lmr/m/n/10 0.97| 
 []


Overfull \hbox (4.1872pt too wide) in paragraph at lines 876--876
 \TU/lmr/m/n/10 5.08| 
 []


Overfull \hbox (3.9372pt too wide) in paragraph at lines 876--876
 \TU/lmr/m/n/10 2.45| 
 []


Overfull \hbox (4.1872pt too wide) in paragraph at lines 876--876
 []|\TU/lmr/m/n/10 0.02| 
 []


Overfull \hbox (4.1872pt too wide) in paragraph at lines 876--876
 \TU/lmr/m/n/10 0.82| 
 []


Overfull \hbox (4.1872pt too wide) in paragraph at lines 877--877
 \TU/lmr/m/n/10 0.16| 
 []


Overfull \hbox (4.1872pt too wide) in paragraph at lines 877--877
 []|\TU/lmr/m/n/10 0.32| 
 []


Overfull \hbox (4.1872pt too wide) in paragraph at lines 877--877
 []|\TU/lmr/m/n/10 0.42| 
 []


Overfull \hbox (4.1872pt too wide) in paragraph at lines 877--877
 []|\TU/lmr/m/n/10 0.33| 
 []


Overfull \hbox (9.1872pt too wide) in paragraph at lines 877--877
 []|\TU/lmr/m/n/10 50.00| 
 []


Overfull \hbox (9.1872pt too wide) in paragraph at lines 877--878
 []|\TU/lmr/m/n/10 50.00| 
 []


Overfull \hbox (3.9372pt too wide) in paragraph at lines 878--878
 \TU/lmr/m/n/10 7.62| 
 []


Overfull \hbox (13.6872pt too wide) in paragraph at lines 878--878
 \TU/lmr/m/n/10 150.49| 
 []


Overfull \hbox (8.6872pt too wide) in paragraph at lines 878--878
 \TU/lmr/m/n/10 19.86| 
 []


Overfull \hbox (9.1872pt too wide) in paragraph at lines 878--878
 \TU/lmr/m/n/10 59.72| 
 []


Overfull \hbox (9.1872pt too wide) in paragraph at lines 878--878
 \TU/lmr/m/n/10 80.37| 
 []


Overfull \hbox (13.9372pt too wide) in paragraph at lines 878--878
 \TU/lmr/m/n/10 235.58| 
 []


Overfull \hbox (9.1872pt too wide) in paragraph at lines 878--878
 \TU/lmr/m/n/10 85.41| 
 []


Overfull \hbox (9.1872pt too wide) in paragraph at lines 879--879
 \TU/lmr/m/n/10 53.45| 
 []


Overfull \hbox (8.83719pt too wide) in paragraph at lines 879--879
 \TU/lmr/m/n/10 44.44| 
 []


Overfull \hbox (9.1872pt too wide) in paragraph at lines 879--879
 \TU/lmr/m/n/10 50.54| 
 []


Overfull \hbox (8.9372pt too wide) in paragraph at lines 879--879
 \TU/lmr/m/n/10 29.95| 
 []


Overfull \hbox (13.6872pt too wide) in paragraph at lines 879--879
 \TU/lmr/m/n/10 115.73| 
 []


Overfull \hbox (8.9372pt too wide) in paragraph at lines 879--879
 \TU/lmr/m/n/10 74.55| 
 []


Overfull \hbox (9.1872pt too wide) in paragraph at lines 879--879
 []|\TU/lmr/m/n/10 17.65| 
 []


Overfull \hbox (9.1872pt too wide) in paragraph at lines 879--880
 []|\TU/lmr/m/n/10 88.24| 
 []


Overfull \hbox (4.1872pt too wide) in paragraph at lines 880--880
 \TU/lmr/m/n/10 0.18| 
 []


Overfull \hbox (4.1872pt too wide) in paragraph at lines 880--880
 \TU/lmr/m/n/10 0.23| 
 []


Overfull \hbox (4.1872pt too wide) in paragraph at lines 880--880
 []|\TU/lmr/m/n/10 0.14| 
 []


Overfull \hbox (4.1872pt too wide) in paragraph at lines 880--880
 []|\TU/lmr/m/n/10 0.73| 
 []


Overfull \hbox (4.1872pt too wide) in paragraph at lines 880--880
 []|\TU/lmr/m/n/10 0.01| 
 []


Overfull \hbox (4.1872pt too wide) in paragraph at lines 880--880
 \TU/lmr/m/n/10 6.38| 
 []


Overfull \hbox (3.83719pt too wide) in paragraph at lines 880--880
 \TU/lmr/m/n/10 4.08| 
 []


Overfull \hbox (3.9372pt too wide) in paragraph at lines 880--880
 \TU/lmr/m/n/10 2.12| 
 []


Overfull \hbox (4.1872pt too wide) in paragraph at lines 880--880
 \TU/lmr/m/n/10 0.76| 
 []


Overfull \hbox (4.1872pt too wide) in paragraph at lines 881--881
 \TU/lmr/m/n/10 0.22| 
 []


Overfull \hbox (4.1872pt too wide) in paragraph at lines 881--881
 \TU/lmr/m/n/10 0.37| 
 []


Overfull \hbox (4.1872pt too wide) in paragraph at lines 881--881
 \TU/lmr/m/n/10 0.59| 
 []


Overfull \hbox (4.1872pt too wide) in paragraph at lines 881--881
 \TU/lmr/m/n/10 0.41| 
 []


Overfull \hbox (9.1872pt too wide) in paragraph at lines 881--881
 []|\TU/lmr/m/n/10 44.00| 
 []


Overfull \hbox (9.1872pt too wide) in paragraph at lines 881--882
 []|\TU/lmr/m/n/10 44.00| 
 []


Overfull \hbox (4.1872pt too wide) in paragraph at lines 882--882
 \TU/lmr/m/n/10 0.04| 
 []


Overfull \hbox (4.1872pt too wide) in paragraph at lines 882--882
 \TU/lmr/m/n/10 9.92| 
 []


Overfull \hbox (4.1872pt too wide) in paragraph at lines 882--882
 []|\TU/lmr/m/n/10 0.04| 
 []


Overfull \hbox (4.1872pt too wide) in paragraph at lines 882--882
 []|\TU/lmr/m/n/10 0.00| 
 []


Overfull \hbox (4.1872pt too wide) in paragraph at lines 882--882
 []|\TU/lmr/m/n/10 0.00| 
 []


Overfull \hbox (4.1872pt too wide) in paragraph at lines 882--882
 \TU/lmr/m/n/10 0.02| 
 []


Overfull \hbox (4.1872pt too wide) in paragraph at lines 882--882
 \TU/lmr/m/n/10 0.10| 
 []


Overfull \hbox (4.1872pt too wide) in paragraph at lines 882--882
 \TU/lmr/m/n/10 0.88| 
 []


Overfull \hbox (3.6872pt too wide) in paragraph at lines 882--882
 \TU/lmr/m/n/10 1.02| 
 []


Overfull \hbox (3.6872pt too wide) in paragraph at lines 883--883
 \TU/lmr/m/n/10 1.30| 
 []


Overfull \hbox (4.1872pt too wide) in paragraph at lines 883--883
 []|\TU/lmr/m/n/10 0.00| 
 []


Overfull \hbox (4.1872pt too wide) in paragraph at lines 883--883
 \TU/lmr/m/n/10 6.59| 
 []


Overfull \hbox (3.9372pt too wide) in paragraph at lines 883--883
 \TU/lmr/m/n/10 3.58| 
 []


Overfull \hbox (9.1872pt too wide) in paragraph at lines 883--883
 []|\TU/lmr/m/n/10 31.58| 
 []


Overfull \hbox (9.1872pt too wide) in paragraph at lines 883--884
 []|\TU/lmr/m/n/10 63.16| 
 []

File: figs/hist-trends_monthly_slope-colored-stroke.png Graphic file (type bmp)

<figs/hist-trends_monthly_slope-colored-stroke.png>

Underfull \hbox (badness 10000) in paragraph at lines 901--901
[]\TU/lmr/m/n/10 Figure  3: |[]Historic monthly base-flow trends across western
 U.S. headwater basins (1950-
 []


Underfull \hbox (badness 10000) in paragraph at lines 901--901
\TU/lmr/m/n/10 2024), colored by Theil–Sen slope and shaped by statistical sign
ificance. Upward- and
 []


Underfull \hbox (badness 10000) in paragraph at lines 901--901
\TU/lmr/m/n/10 downward-pointing triangles indicate significant increasing or d
ecreasing trends (p <
 []


Underfull \hbox (badness 10000) in paragraph at lines 901--901
\TU/lmr/m/n/10 0.05), respectively, while circles denote non-significant trends
. Colors correspond to slope
 []


Underfull \hbox (badness 10000) in paragraph at lines 901--901
\TU/lmr/m/n/10 magnitude and direction, with warmer tones indicating negative t
rends and cooler tones
 []

[9] [10]

! LaTeX Error: Something's wrong--perhaps a missing \item.

See the LaTeX manual or LaTeX Companion for explanation.
Type  H <return>  for immediate help.
 ...                                              
                                                  
l.933 \end{CSLReferences}
                          
Here is how much of TeX's memory you used:
 21670 strings out of 476179
 400603 string characters out of 5809543
 906797 words of memory out of 5000000
 42092 multiletter control sequences out of 15000+600000
 475078 words of font info for 78 fonts, out of 8000000 for 9000
 1354 hyphenation exceptions out of 8191
 98i,9n,121p,1005b,480s stack positions out of 10000i,1000n,20000p,200000b,200000s

Output written on template.pdf (10 pages).
